ERROR - 2025-11-08 22:49:29 --> Severity: error --> Exception: Composer detected issues in your platform: Your Composer dependencies require a PHP version ">= 8.1.0". You are running 8.0.7. /var/www/html/src/vendor/composer/platform_check.php 22
ERROR - 2025-11-08 22:49:29 --> Severity: error --> Exception: Composer detected issues in your platform: Your Composer dependencies require a PHP version ">= 8.1.0". You are running 8.0.7. /var/www/html/src/vendor/composer/platform_check.php 22
ERROR - 2025-11-08 22:49:31 --> Severity: error --> Exception: Composer detected issues in your platform: Your Composer dependencies require a PHP version ">= 8.1.0". You are running 8.0.7. /var/www/html/src/vendor/composer/platform_check.php 22
ERROR - 2025-11-08 22:49:31 --> Severity: error --> Exception: Composer detected issues in your platform: Your Composer dependencies require a PHP version ">= 8.1.0". You are running 8.0.7. /var/www/html/src/vendor/composer/platform_check.php 22
ERROR - 2025-11-08 22:49:33 --> Severity: error --> Exception: Composer detected issues in your platform: Your Composer dependencies require a PHP version ">= 8.1.0". You are running 8.0.7. /var/www/html/src/vendor/composer/platform_check.php 22
ERROR - 2025-11-08 22:49:34 --> Severity: error --> Exception: Composer detected issues in your platform: Your Composer dependencies require a PHP version ">= 8.1.0". You are running 8.0.7. /var/www/html/src/vendor/composer/platform_check.php 22
ERROR - 2025-11-08 22:51:41 --> Severity: error --> Exception: Composer detected issues in your platform: Your Composer dependencies require a PHP version ">= 8.1.0". You are running 8.0.7. /var/www/html/src/vendor/composer/platform_check.php 22
ERROR - 2025-11-08 22:52:34 --> Severity: error --> Exception: Composer detected issues in your platform: Your Composer dependencies require a PHP version ">= 8.1.0". You are running 8.0.7. /var/www/html/src/vendor/composer/platform_check.php 22
ERROR - 2025-11-08 22:53:11 --> Severity: error --> Exception: Composer detected issues in your platform: Your Composer dependencies require a PHP version ">= 8.1.0". You are running 8.0.7. /var/www/html/src/vendor/composer/platform_check.php 22
ERROR - 2025-11-08 22:55:48 --> Severity: error --> Exception: Composer detected issues in your platform: Your Composer dependencies require a PHP version ">= 8.1.0". You are running 8.0.7. /var/www/html/src/vendor/composer/platform_check.php 22
ERROR - 2025-11-08 22:55:48 --> Severity: error --> Exception: Composer detected issues in your platform: Your Composer dependencies require a PHP version ">= 8.1.0". You are running 8.0.7. /var/www/html/src/vendor/composer/platform_check.php 22
ERROR - 2025-11-08 22:56:37 --> Severity: error --> Exception: Composer detected issues in your platform: Your Composer dependencies require a PHP version ">= 8.1.0". You are running 8.0.7. /var/www/html/src/vendor/composer/platform_check.php 22
ERROR - 2025-11-08 22:56:37 --> Severity: error --> Exception: Composer detected issues in your platform: Your Composer dependencies require a PHP version ">= 8.1.0". You are running 8.0.7. /var/www/html/src/vendor/composer/platform_check.php 22
ERROR - 2025-11-08 22:56:38 --> Severity: error --> Exception: Composer detected issues in your platform: Your Composer dependencies require a PHP version ">= 8.1.0". You are running 8.0.7. /var/www/html/src/vendor/composer/platform_check.php 22
ERROR - 2025-11-08 22:56:38 --> Severity: error --> Exception: Composer detected issues in your platform: Your Composer dependencies require a PHP version ">= 8.1.0". You are running 8.0.7. /var/www/html/src/vendor/composer/platform_check.php 22
ERROR - 2025-11-08 22:57:12 --> Severity: error --> Exception: Composer detected issues in your platform: Your Composer dependencies require a PHP version ">= 8.1.0". You are running 8.0.7. /var/www/html/src/vendor/composer/platform_check.php 22
ERROR - 2025-11-08 22:57:12 --> Severity: error --> Exception: Composer detected issues in your platform: Your Composer dependencies require a PHP version ">= 8.1.0". You are running 8.0.7. /var/www/html/src/vendor/composer/platform_check.php 22
ERROR - 2025-11-08 22:58:00 --> Severity: error --> Exception: Composer detected issues in your platform: Your Composer dependencies require a PHP version ">= 8.1.0". You are running 8.0.7. /var/www/html/src/vendor/composer/platform_check.php 22
ERROR - 2025-11-08 22:58:00 --> Severity: error --> Exception: Composer detected issues in your platform: Your Composer dependencies require a PHP version ">= 8.1.0". You are running 8.0.7. /var/www/html/src/vendor/composer/platform_check.php 22
ERROR - 2025-11-08 23:01:58 --> Severity: Warning --> pg_connect(): Unable to connect to PostgreSQL server: could not connect to server: Connection refused
	Is the server running on host &quot;172.16.101.97&quot; and accepting
	TCP/IP connections on port 5432? /var/www/html/src/vendor/codeigniter/framework/system/database/drivers/postgre/postgre_driver.php 146
ERROR - 2025-11-08 23:01:58 --> Unable to connect to the database
ERROR - 2025-11-08 23:01:59 --> 404 Page Not Found: Well-known/appspecific
ERROR - 2025-11-08 23:04:44 --> Severity: Warning --> pg_connect(): Unable to connect to PostgreSQL server: could not connect to server: Connection refused
	Is the server running on host &quot;172.16.101.97&quot; and accepting
	TCP/IP connections on port 5432? /var/www/html/src/vendor/codeigniter/framework/system/database/drivers/postgre/postgre_driver.php 146
ERROR - 2025-11-08 23:04:44 --> Unable to connect to the database
ERROR - 2025-11-08 23:04:44 --> 404 Page Not Found: Well-known/appspecific
ERROR - 2025-11-08 23:11:47 --> Severity: Warning --> pg_connect(): Unable to connect to PostgreSQL server: could not connect to server: Connection refused
	Is the server running on host &quot;172.16.101.97&quot; and accepting
	TCP/IP connections on port 5432? /var/www/html/src/vendor/codeigniter/framework/system/database/drivers/postgre/postgre_driver.php 146
ERROR - 2025-11-08 23:11:47 --> Unable to connect to the database
ERROR - 2025-11-08 23:11:47 --> 404 Page Not Found: Well-known/appspecific
ERROR - 2025-11-08 23:28:47 --> Severity: Warning --> pg_connect(): Unable to connect to PostgreSQL server: could not connect to server: Connection refused
	Is the server running on host &quot;172.16.101.97&quot; and accepting
	TCP/IP connections on port 5432? /var/www/html/src/vendor/codeigniter/framework/system/database/drivers/postgre/postgre_driver.php 146
ERROR - 2025-11-08 23:28:47 --> Unable to connect to the database
ERROR - 2025-11-08 23:28:48 --> 404 Page Not Found: Well-known/appspecific
ERROR - 2025-11-08 23:29:20 --> 404 Page Not Found: Well-known/appspecific
ERROR - 2025-11-08 23:29:57 --> 404 Page Not Found: Data_center_form/index
ERROR - 2025-11-08 23:29:57 --> 404 Page Not Found: Well-known/appspecific
ERROR - 2025-11-08 23:29:57 --> 404 Page Not Found: Data_center/index_staff
ERROR - 2025-11-08 23:29:57 --> 404 Page Not Found: Data_center/index_manager
ERROR - 2025-11-08 23:38:08 --> 404 Page Not Found: Data_center/form
ERROR - 2025-11-08 23:38:08 --> 404 Page Not Found: Well-known/appspecific
ERROR - 2025-11-08 23:38:08 --> 404 Page Not Found: Well-known/appspecific
ERROR - 2025-11-08 23:38:08 --> 404 Page Not Found: Data_center/index_staff
ERROR - 2025-11-08 23:38:08 --> 404 Page Not Found: Data_center/index_manager
ERROR - 2025-11-08 23:38:17 --> 404 Page Not Found: Well-known/appspecific
ERROR - 2025-11-08 23:38:20 --> 404 Page Not Found: Data_center/index_staff
ERROR - 2025-11-08 23:38:21 --> 404 Page Not Found: Well-known/appspecific
ERROR - 2025-11-08 23:38:23 --> 404 Page Not Found: Well-known/appspecific
ERROR - 2025-11-08 23:40:27 --> 404 Page Not Found: Data_center/form
ERROR - 2025-11-08 23:40:28 --> 404 Page Not Found: Well-known/appspecific
ERROR - 2025-11-08 23:40:29 --> 404 Page Not Found: Well-known/appspecific
ERROR - 2025-11-08 23:40:30 --> 404 Page Not Found: Data_center/form
ERROR - 2025-11-08 23:40:30 --> 404 Page Not Found: Well-known/appspecific
ERROR - 2025-11-08 23:41:53 --> 404 Page Not Found: Data_center/form
ERROR - 2025-11-08 23:43:31 --> 404 Page Not Found: Well-known/appspecific
ERROR - 2025-11-08 23:45:03 --> 404 Page Not Found: Well-known/appspecific
