ERROR - 2022-03-13 19:09:59 --> Severity: Warning --> pg_connect(): Unable to connect to PostgreSQL server: ERROR:  pgbouncer cannot connect to server /htdocs/visitor-management/system/database/drivers/postgre/postgre_driver.php 154
ERROR - 2022-03-13 19:09:59 --> Unable to connect to the database
ERROR - 2022-03-13 19:10:14 --> Session: Error while trying to obtain lock for ci_session:172.27.0.1:iq48eelshqcaiplj170lrflsf5tk3qfv
ERROR - 2022-03-13 19:10:14 --> Session: Error while trying to obtain lock for ci_session:172.27.0.1:iq48eelshqcaiplj170lrflsf5tk3qfv
ERROR - 2022-03-13 19:10:14 --> Severity: Warning --> ini_set(): A session is active. You cannot change the session module's ini settings at this time /htdocs/visitor-management/system/libraries/Session/Session_driver.php 205
ERROR - 2022-03-13 19:10:14 --> Severity: Warning --> ini_set(): A session is active. You cannot change the session module's ini settings at this time /htdocs/visitor-management/system/libraries/Session/Session_driver.php 205
ERROR - 2022-03-13 19:10:14 --> Severity: Warning --> session_start(): Failed to read session data: user (path: /tmp) /htdocs/visitor-management/system/libraries/Session/Session.php 143
ERROR - 2022-03-13 19:10:14 --> Severity: Warning --> session_start(): Failed to read session data: user (path: /tmp) /htdocs/visitor-management/system/libraries/Session/Session.php 143
ERROR - 2022-03-13 19:10:32 --> Session: Error while trying to obtain lock for ci_session:172.27.0.1:iq48eelshqcaiplj170lrflsf5tk3qfv
ERROR - 2022-03-13 19:10:32 --> Severity: Warning --> ini_set(): A session is active. You cannot change the session module's ini settings at this time /htdocs/visitor-management/system/libraries/Session/Session_driver.php 205
ERROR - 2022-03-13 19:10:32 --> Severity: Warning --> session_start(): Failed to read session data: user (path: /tmp) /htdocs/visitor-management/system/libraries/Session/Session.php 143
ERROR - 2022-03-13 19:49:15 --> 404 Page Not Found: Faviconico/index
ERROR - 2022-03-13 19:56:36 --> 404 Page Not Found: Assets/vendor
ERROR - 2022-03-13 19:58:13 --> 404 Page Not Found: Assets/vendor
ERROR - 2022-03-13 20:35:04 --> Severity: Warning --> pg_connect(): Unable to connect to PostgreSQL server: ERROR:  pgbouncer cannot connect to server /htdocs/visitor-management/system/database/drivers/postgre/postgre_driver.php 154
ERROR - 2022-03-13 20:35:04 --> Unable to connect to the database
ERROR - 2022-03-13 20:35:16 --> Session: Error while trying to obtain lock for ci_session:172.27.0.1:up9a3djb7jtbf4uic80i19gadanu413f
ERROR - 2022-03-13 20:35:16 --> Severity: Warning --> ini_set(): A session is active. You cannot change the session module's ini settings at this time /htdocs/visitor-management/system/libraries/Session/Session_driver.php 205
ERROR - 2022-03-13 20:35:16 --> Severity: Warning --> session_start(): Failed to read session data: user (path: /tmp) /htdocs/visitor-management/system/libraries/Session/Session.php 143
ERROR - 2022-03-13 20:44:41 --> 404 Page Not Found: Assets/vendor
ERROR - 2022-03-13 20:44:44 --> 404 Page Not Found: Assets/vendor
ERROR - 2022-03-13 20:46:50 --> 404 Page Not Found: Assets/vendor
ERROR - 2022-03-13 20:47:01 --> 404 Page Not Found: Assets/vendor
ERROR - 2022-03-13 20:47:01 --> 404 Page Not Found: Faviconico/index
ERROR - 2022-03-13 20:48:18 --> 404 Page Not Found: Assets/vendor
ERROR - 2022-03-13 20:48:52 --> 404 Page Not Found: Assets/vendor
ERROR - 2022-03-13 20:50:03 --> 404 Page Not Found: Assets/vendor
ERROR - 2022-03-13 20:50:27 --> 404 Page Not Found: Assets/vendor
ERROR - 2022-03-13 20:50:53 --> 404 Page Not Found: Assets/vendor
ERROR - 2022-03-13 20:51:24 --> 404 Page Not Found: Assets/vendor
ERROR - 2022-03-13 20:52:34 --> 404 Page Not Found: Assets/vendor
ERROR - 2022-03-13 20:54:35 --> 404 Page Not Found: Assets/vendor
ERROR - 2022-03-13 20:54:54 --> 404 Page Not Found: Assets/vendor
