ERROR - 2025-11-11 00:32:46 --> 404 Page Not Found: Data_center/dc-auth
ERROR - 2025-11-11 00:33:29 --> 404 Page Not Found: Well-known/appspecific
ERROR - 2025-11-11 00:54:47 --> 404 Page Not Found: Data_center_staff/index
ERROR - 2025-11-11 11:11:05 --> Severity: Warning --> pg_query(): Query failed: ERROR:  column &quot;timestamp&quot; is of type timestamp with time zone but expression is of type integer
LINE 1: ...'ltj8p42od1iooir7psn4brplmgkprn29', '172.19.0.1', 1762834265...
                                                             ^
HINT:  You will need to rewrite or cast the expression. /var/www/html/src/vendor/codeigniter/framework/system/database/drivers/postgre/postgre_driver.php 234
ERROR - 2025-11-11 11:11:05 --> Severity: Warning --> pg_query(): Query failed: ERROR:  column &quot;timestamp&quot; is of type timestamp with time zone but expression is of type integer
LINE 1: ...'d710573nfvkcu3779iiiu7usoo4fpsrg', '172.19.0.1', 1762834265...
                                                             ^
HINT:  You will need to rewrite or cast the expression. /var/www/html/src/vendor/codeigniter/framework/system/database/drivers/postgre/postgre_driver.php 234
ERROR - 2025-11-11 11:11:05 --> Query error: ERROR:  column "timestamp" is of type timestamp with time zone but expression is of type integer
LINE 1: ...'ltj8p42od1iooir7psn4brplmgkprn29', '172.19.0.1', 1762834265...
                                                             ^
HINT:  You will need to rewrite or cast the expression. - Invalid query: INSERT INTO "ci_sessions" ("id", "ip_address", "timestamp", "data") VALUES ('ltj8p42od1iooir7psn4brplmgkprn29', '172.19.0.1', 1762834265, '')
ERROR - 2025-11-11 11:11:05 --> Query error: ERROR:  column "timestamp" is of type timestamp with time zone but expression is of type integer
LINE 1: ...'d710573nfvkcu3779iiiu7usoo4fpsrg', '172.19.0.1', 1762834265...
                                                             ^
HINT:  You will need to rewrite or cast the expression. - Invalid query: INSERT INTO "ci_sessions" ("id", "ip_address", "timestamp", "data") VALUES ('d710573nfvkcu3779iiiu7usoo4fpsrg', '172.19.0.1', 1762834265, '')
ERROR - 2025-11-11 01:11:55 --> Severity: Warning --> pg_query(): Query failed: ERROR:  column &quot;timestamp&quot; is of type timestamp with time zone but expression is of type integer
LINE 1: ...'lgkne9domg20ljp466ie02bdts8i69ds', '172.19.0.1', 1762834315...
                                                             ^
HINT:  You will need to rewrite or cast the expression. /var/www/html/src/vendor/codeigniter/framework/system/database/drivers/postgre/postgre_driver.php 234
ERROR - 2025-11-11 01:11:55 --> Query error: ERROR:  column "timestamp" is of type timestamp with time zone but expression is of type integer
LINE 1: ...'lgkne9domg20ljp466ie02bdts8i69ds', '172.19.0.1', 1762834315...
                                                             ^
HINT:  You will need to rewrite or cast the expression. - Invalid query: INSERT INTO "ci_sessions" ("id", "ip_address", "timestamp", "data") VALUES ('lgkne9domg20ljp466ie02bdts8i69ds', '172.19.0.1', 1762834315, 'X19jaV9sYXN0X3JlZ2VuZXJhdGV8aToxNzYyODM0MzE1Ow==')
ERROR - 2025-11-11 01:11:55 --> Severity: Warning --> Cannot modify header information - headers already sent by (output started at /var/www/html/src/vendor/codeigniter/framework/system/core/Output.php:543) /var/www/html/src/vendor/codeigniter/framework/system/core/Common.php 571
ERROR - 2025-11-11 11:11:55 --> Severity: Warning --> pg_query(): Query failed: ERROR:  column &quot;timestamp&quot; is of type timestamp with time zone but expression is of type integer
LINE 1: ...'v4q9rrfflq5an5nkm3f6ig3hnbfl6a97', '172.19.0.1', 1762834315...
                                                             ^
HINT:  You will need to rewrite or cast the expression. /var/www/html/src/vendor/codeigniter/framework/system/database/drivers/postgre/postgre_driver.php 234
ERROR - 2025-11-11 11:11:55 --> Query error: ERROR:  column "timestamp" is of type timestamp with time zone but expression is of type integer
LINE 1: ...'v4q9rrfflq5an5nkm3f6ig3hnbfl6a97', '172.19.0.1', 1762834315...
                                                             ^
HINT:  You will need to rewrite or cast the expression. - Invalid query: INSERT INTO "ci_sessions" ("id", "ip_address", "timestamp", "data") VALUES ('v4q9rrfflq5an5nkm3f6ig3hnbfl6a97', '172.19.0.1', 1762834315, 'X19jaV9sYXN0X3JlZ2VuZXJhdGV8aToxNzYyODM0MzE1Ow==')
ERROR - 2025-11-11 11:12:05 --> Severity: Warning --> pg_query(): Query failed: ERROR:  column &quot;timestamp&quot; is of type timestamp with time zone but expression is of type integer
LINE 1: ...'b631nmt0537hf5sfdb7trrfd19hcpb5m', '172.19.0.1', 1762834325...
                                                             ^
HINT:  You will need to rewrite or cast the expression. /var/www/html/src/vendor/codeigniter/framework/system/database/drivers/postgre/postgre_driver.php 234
ERROR - 2025-11-11 11:12:05 --> Severity: Warning --> pg_query(): Query failed: ERROR:  column &quot;timestamp&quot; is of type timestamp with time zone but expression is of type integer
LINE 1: ...'r0ps9aaqk82t9c8jklbpqe5a1mso6q62', '172.19.0.1', 1762834325...
                                                             ^
HINT:  You will need to rewrite or cast the expression. /var/www/html/src/vendor/codeigniter/framework/system/database/drivers/postgre/postgre_driver.php 234
ERROR - 2025-11-11 11:12:05 --> Query error: ERROR:  column "timestamp" is of type timestamp with time zone but expression is of type integer
LINE 1: ...'b631nmt0537hf5sfdb7trrfd19hcpb5m', '172.19.0.1', 1762834325...
                                                             ^
HINT:  You will need to rewrite or cast the expression. - Invalid query: INSERT INTO "ci_sessions" ("id", "ip_address", "timestamp", "data") VALUES ('b631nmt0537hf5sfdb7trrfd19hcpb5m', '172.19.0.1', 1762834325, '')
ERROR - 2025-11-11 11:12:05 --> Query error: ERROR:  column "timestamp" is of type timestamp with time zone but expression is of type integer
LINE 1: ...'r0ps9aaqk82t9c8jklbpqe5a1mso6q62', '172.19.0.1', 1762834325...
                                                             ^
HINT:  You will need to rewrite or cast the expression. - Invalid query: INSERT INTO "ci_sessions" ("id", "ip_address", "timestamp", "data") VALUES ('r0ps9aaqk82t9c8jklbpqe5a1mso6q62', '172.19.0.1', 1762834325, '')
ERROR - 2025-11-11 01:12:06 --> 404 Page Not Found: Well-known/appspecific
ERROR - 2025-11-11 11:12:07 --> Severity: Warning --> pg_query(): Query failed: ERROR:  column &quot;timestamp&quot; is of type timestamp with time zone but expression is of type integer
LINE 1: ...'a9jg7uecas4fqvq3q4t4s7cdcfq6ia3k', '172.19.0.1', 1762834327...
                                                             ^
HINT:  You will need to rewrite or cast the expression. /var/www/html/src/vendor/codeigniter/framework/system/database/drivers/postgre/postgre_driver.php 234
ERROR - 2025-11-11 11:12:07 --> Query error: ERROR:  column "timestamp" is of type timestamp with time zone but expression is of type integer
LINE 1: ...'a9jg7uecas4fqvq3q4t4s7cdcfq6ia3k', '172.19.0.1', 1762834327...
                                                             ^
HINT:  You will need to rewrite or cast the expression. - Invalid query: INSERT INTO "ci_sessions" ("id", "ip_address", "timestamp", "data") VALUES ('a9jg7uecas4fqvq3q4t4s7cdcfq6ia3k', '172.19.0.1', 1762834327, 'X19jaV9sYXN0X3JlZ2VuZXJhdGV8aToxNzYyODM0MzI3Ow==')
ERROR - 2025-11-11 01:12:07 --> 404 Page Not Found: Well-known/appspecific
ERROR - 2025-11-11 01:12:12 --> 404 Page Not Found: Well-known/appspecific
ERROR - 2025-11-11 01:12:12 --> Severity: Warning --> pg_query(): Query failed: ERROR:  column &quot;timestamp&quot; is of type timestamp with time zone but expression is of type integer
LINE 1: ...'ug6jib2e2nhhvqt489ea1rabkm72ucgf', '172.19.0.1', 1762834332...
                                                             ^
HINT:  You will need to rewrite or cast the expression. /var/www/html/src/vendor/codeigniter/framework/system/database/drivers/postgre/postgre_driver.php 234
ERROR - 2025-11-11 01:12:13 --> Query error: ERROR:  column "timestamp" is of type timestamp with time zone but expression is of type integer
LINE 1: ...'ug6jib2e2nhhvqt489ea1rabkm72ucgf', '172.19.0.1', 1762834332...
                                                             ^
HINT:  You will need to rewrite or cast the expression. - Invalid query: INSERT INTO "ci_sessions" ("id", "ip_address", "timestamp", "data") VALUES ('ug6jib2e2nhhvqt489ea1rabkm72ucgf', '172.19.0.1', 1762834332, 'X19jaV9sYXN0X3JlZ2VuZXJhdGV8aToxNzYyODM0MzMyOw==')
ERROR - 2025-11-11 01:12:13 --> Severity: Warning --> Cannot modify header information - headers already sent by (output started at /var/www/html/src/vendor/codeigniter/framework/system/core/Output.php:543) /var/www/html/src/vendor/codeigniter/framework/system/core/Common.php 571
ERROR - 2025-11-11 01:12:13 --> 404 Page Not Found: Well-known/appspecific
ERROR - 2025-11-11 01:12:20 --> Severity: Warning --> pg_query(): Query failed: ERROR:  column &quot;timestamp&quot; is of type timestamp with time zone but expression is of type integer
LINE 1: ...'uo6a1i35kpd8pmr17p92n8euoo5e0vgn', '172.19.0.1', 1762834340...
                                                             ^
HINT:  You will need to rewrite or cast the expression. /var/www/html/src/vendor/codeigniter/framework/system/database/drivers/postgre/postgre_driver.php 234
ERROR - 2025-11-11 01:12:20 --> Query error: ERROR:  column "timestamp" is of type timestamp with time zone but expression is of type integer
LINE 1: ...'uo6a1i35kpd8pmr17p92n8euoo5e0vgn', '172.19.0.1', 1762834340...
                                                             ^
HINT:  You will need to rewrite or cast the expression. - Invalid query: INSERT INTO "ci_sessions" ("id", "ip_address", "timestamp", "data") VALUES ('uo6a1i35kpd8pmr17p92n8euoo5e0vgn', '172.19.0.1', 1762834340, 'X19jaV9sYXN0X3JlZ2VuZXJhdGV8aToxNzYyODM0MzQwOw==')
ERROR - 2025-11-11 01:12:20 --> Severity: Warning --> Cannot modify header information - headers already sent by (output started at /var/www/html/src/vendor/codeigniter/framework/system/core/Output.php:543) /var/www/html/src/vendor/codeigniter/framework/system/core/Common.php 571
ERROR - 2025-11-11 01:12:20 --> 404 Page Not Found: Well-known/appspecific
ERROR - 2025-11-11 11:13:06 --> Severity: Warning --> pg_query(): Query failed: ERROR:  column &quot;timestamp&quot; is of type timestamp with time zone but expression is of type integer
LINE 1: ...'j7qiklkqiknuimjsd5liaq9ruetid0mj', '172.19.0.1', 1762834386...
                                                             ^
HINT:  You will need to rewrite or cast the expression. /var/www/html/src/vendor/codeigniter/framework/system/database/drivers/postgre/postgre_driver.php 234
ERROR - 2025-11-11 11:13:06 --> Severity: Warning --> pg_query(): Query failed: ERROR:  column &quot;timestamp&quot; is of type timestamp with time zone but expression is of type integer
LINE 1: ...'a971fo0rq9v69g5sdcj1u3b51ogf80c4', '172.19.0.1', 1762834386...
                                                             ^
HINT:  You will need to rewrite or cast the expression. /var/www/html/src/vendor/codeigniter/framework/system/database/drivers/postgre/postgre_driver.php 234
ERROR - 2025-11-11 11:13:06 --> Query error: ERROR:  column "timestamp" is of type timestamp with time zone but expression is of type integer
LINE 1: ...'a971fo0rq9v69g5sdcj1u3b51ogf80c4', '172.19.0.1', 1762834386...
                                                             ^
HINT:  You will need to rewrite or cast the expression. - Invalid query: INSERT INTO "ci_sessions" ("id", "ip_address", "timestamp", "data") VALUES ('a971fo0rq9v69g5sdcj1u3b51ogf80c4', '172.19.0.1', 1762834386, '')
ERROR - 2025-11-11 11:13:06 --> Query error: ERROR:  column "timestamp" is of type timestamp with time zone but expression is of type integer
LINE 1: ...'j7qiklkqiknuimjsd5liaq9ruetid0mj', '172.19.0.1', 1762834386...
                                                             ^
HINT:  You will need to rewrite or cast the expression. - Invalid query: INSERT INTO "ci_sessions" ("id", "ip_address", "timestamp", "data") VALUES ('j7qiklkqiknuimjsd5liaq9ruetid0mj', '172.19.0.1', 1762834386, '')
ERROR - 2025-11-11 01:13:43 --> 404 Page Not Found: Well-known/appspecific
ERROR - 2025-11-11 01:13:46 --> Severity: Warning --> session_start(): Failed to decode session object. Session has been destroyed /var/www/html/src/vendor/codeigniter/framework/system/libraries/Session/Session.php 137
ERROR - 2025-11-11 01:13:46 --> 404 Page Not Found: Well-known/appspecific
ERROR - 2025-11-11 01:13:59 --> Severity: Warning --> session_start(): Failed to decode session object. Session has been destroyed /var/www/html/src/vendor/codeigniter/framework/system/libraries/Session/Session.php 137
ERROR - 2025-11-11 01:14:03 --> Severity: Warning --> session_start(): Failed to decode session object. Session has been destroyed /var/www/html/src/vendor/codeigniter/framework/system/libraries/Session/Session.php 137
ERROR - 2025-11-11 01:14:03 --> Severity: Warning --> session_start(): Failed to decode session object. Session has been destroyed /var/www/html/src/vendor/codeigniter/framework/system/libraries/Session/Session.php 137
ERROR - 2025-11-11 01:14:12 --> Severity: Warning --> session_start(): Failed to decode session object. Session has been destroyed /var/www/html/src/vendor/codeigniter/framework/system/libraries/Session/Session.php 137
ERROR - 2025-11-11 01:14:32 --> Severity: Warning --> session_start(): Failed to decode session object. Session has been destroyed /var/www/html/src/vendor/codeigniter/framework/system/libraries/Session/Session.php 137
ERROR - 2025-11-11 01:14:50 --> Severity: Warning --> session_start(): Failed to decode session object. Session has been destroyed /var/www/html/src/vendor/codeigniter/framework/system/libraries/Session/Session.php 137
ERROR - 2025-11-11 01:14:51 --> Severity: Warning --> session_start(): Failed to decode session object. Session has been destroyed /var/www/html/src/vendor/codeigniter/framework/system/libraries/Session/Session.php 137
ERROR - 2025-11-11 01:14:56 --> 404 Page Not Found: Well-known/appspecific
ERROR - 2025-11-11 01:15:12 --> Severity: Warning --> session_start(): Failed to decode session object. Session has been destroyed /var/www/html/src/vendor/codeigniter/framework/system/libraries/Session/Session.php 137
ERROR - 2025-11-11 01:15:13 --> 404 Page Not Found: Well-known/appspecific
ERROR - 2025-11-11 01:15:33 --> Severity: Warning --> session_start(): Failed to decode session object. Session has been destroyed /var/www/html/src/vendor/codeigniter/framework/system/libraries/Session/Session.php 137
ERROR - 2025-11-11 01:15:37 --> Severity: Warning --> session_start(): Failed to decode session object. Session has been destroyed /var/www/html/src/vendor/codeigniter/framework/system/libraries/Session/Session.php 137
ERROR - 2025-11-11 01:18:11 --> Severity: Warning --> session_start(): Failed to decode session object. Session has been destroyed /var/www/html/src/vendor/codeigniter/framework/system/libraries/Session/Session.php 137
ERROR - 2025-11-11 01:18:24 --> Severity: Warning --> session_start(): Failed to decode session object. Session has been destroyed /var/www/html/src/vendor/codeigniter/framework/system/libraries/Session/Session.php 137
ERROR - 2025-11-11 01:18:45 --> Severity: Warning --> session_start(): Failed to decode session object. Session has been destroyed /var/www/html/src/vendor/codeigniter/framework/system/libraries/Session/Session.php 137
ERROR - 2025-11-11 01:19:06 --> Severity: Warning --> session_start(): Failed to decode session object. Session has been destroyed /var/www/html/src/vendor/codeigniter/framework/system/libraries/Session/Session.php 137
ERROR - 2025-11-11 01:20:08 --> Severity: Warning --> session_start(): Failed to decode session object. Session has been destroyed /var/www/html/src/vendor/codeigniter/framework/system/libraries/Session/Session.php 137
ERROR - 2025-11-11 01:20:08 --> Severity: Warning --> session_start(): Failed to decode session object. Session has been destroyed /var/www/html/src/vendor/codeigniter/framework/system/libraries/Session/Session.php 137
ERROR - 2025-11-11 01:28:39 --> Severity: Warning --> session_start(): Failed to decode session object. Session has been destroyed /var/www/html/src/vendor/codeigniter/framework/system/libraries/Session/Session.php 137
ERROR - 2025-11-11 01:28:42 --> Severity: Warning --> session_start(): Failed to decode session object. Session has been destroyed /var/www/html/src/vendor/codeigniter/framework/system/libraries/Session/Session.php 137
ERROR - 2025-11-11 01:28:49 --> Severity: Warning --> session_start(): Failed to decode session object. Session has been destroyed /var/www/html/src/vendor/codeigniter/framework/system/libraries/Session/Session.php 137
ERROR - 2025-11-11 01:28:49 --> Severity: Warning --> session_destroy(): Trying to destroy uninitialized session /var/www/html/src/vendor/codeigniter/framework/system/libraries/Session/Session.php 751
ERROR - 2025-11-11 01:28:52 --> Severity: Warning --> session_start(): Failed to decode session object. Session has been destroyed /var/www/html/src/vendor/codeigniter/framework/system/libraries/Session/Session.php 137
ERROR - 2025-11-11 01:28:52 --> Severity: Warning --> session_destroy(): Trying to destroy uninitialized session /var/www/html/src/vendor/codeigniter/framework/system/libraries/Session/Session.php 751
ERROR - 2025-11-11 01:29:04 --> Severity: Warning --> session_start(): Failed to decode session object. Session has been destroyed /var/www/html/src/vendor/codeigniter/framework/system/libraries/Session/Session.php 137
ERROR - 2025-11-11 01:29:03 --> Severity: Warning --> session_start(): Failed to decode session object. Session has been destroyed /var/www/html/src/vendor/codeigniter/framework/system/libraries/Session/Session.php 137
ERROR - 2025-11-11 01:29:03 --> Severity: Warning --> session_start(): Failed to decode session object. Session has been destroyed /var/www/html/src/vendor/codeigniter/framework/system/libraries/Session/Session.php 137
ERROR - 2025-11-11 01:29:08 --> Severity: Warning --> session_start(): Failed to decode session object. Session has been destroyed /var/www/html/src/vendor/codeigniter/framework/system/libraries/Session/Session.php 137
ERROR - 2025-11-11 01:29:15 --> Severity: Warning --> session_start(): Failed to decode session object. Session has been destroyed /var/www/html/src/vendor/codeigniter/framework/system/libraries/Session/Session.php 137
ERROR - 2025-11-11 01:29:40 --> Severity: Warning --> session_start(): Failed to decode session object. Session has been destroyed /var/www/html/src/vendor/codeigniter/framework/system/libraries/Session/Session.php 137
ERROR - 2025-11-11 01:29:50 --> 404 Page Not Found: Well-known/appspecific
ERROR - 2025-11-11 01:29:58 --> Severity: Warning --> session_start(): Failed to decode session object. Session has been destroyed /var/www/html/src/vendor/codeigniter/framework/system/libraries/Session/Session.php 137
ERROR - 2025-11-11 01:30:30 --> Severity: Warning --> session_start(): Failed to decode session object. Session has been destroyed /var/www/html/src/vendor/codeigniter/framework/system/libraries/Session/Session.php 137
ERROR - 2025-11-11 01:30:30 --> 404 Page Not Found: Well-known/appspecific
ERROR - 2025-11-11 01:31:19 --> Severity: Warning --> session_start(): Failed to decode session object. Session has been destroyed /var/www/html/src/vendor/codeigniter/framework/system/libraries/Session/Session.php 137
ERROR - 2025-11-11 01:31:34 --> Severity: Warning --> session_start(): Failed to decode session object. Session has been destroyed /var/www/html/src/vendor/codeigniter/framework/system/libraries/Session/Session.php 137
ERROR - 2025-11-11 01:31:38 --> 404 Page Not Found: Well-known/appspecific
ERROR - 2025-11-11 11:31:39 --> Severity: Warning --> pg_query(): Query failed: ERROR:  duplicate key value violates unique constraint &quot;dc_staff_dc_form_id_key&quot;
DETAIL:  Key (dc_form_id)=(66) already exists. /var/www/html/src/vendor/codeigniter/framework/system/database/drivers/postgre/postgre_driver.php 234
ERROR - 2025-11-11 11:31:39 --> Query error: ERROR:  duplicate key value violates unique constraint "dc_staff_dc_form_id_key"
DETAIL:  Key (dc_form_id)=(66) already exists. - Invalid query: INSERT INTO "dc_staff" ("dc_form_id", "nama_staff_it", "file_ttd_staff_it", "tanggal_ttd", "status_staff_it", "tanggal_berlaku", "jam_mulai", "jam_selesai", "durasi_akses") VALUES ('66', 'adit', '6912bc2b495f5_1762835499.jpeg', '2025-11-11 11:31:39', 'Diajukan', '2025-11-12', '11:32', '15:34', '4 jam 2 menit')
ERROR - 2025-11-11 01:31:45 --> Severity: Warning --> session_start(): Failed to decode session object. Session has been destroyed /var/www/html/src/vendor/codeigniter/framework/system/libraries/Session/Session.php 137
ERROR - 2025-11-11 11:31:46 --> Severity: Warning --> pg_query(): Query failed: ERROR:  duplicate key value violates unique constraint &quot;dc_staff_dc_form_id_key&quot;
DETAIL:  Key (dc_form_id)=(66) already exists. /var/www/html/src/vendor/codeigniter/framework/system/database/drivers/postgre/postgre_driver.php 234
ERROR - 2025-11-11 11:31:46 --> Query error: ERROR:  duplicate key value violates unique constraint "dc_staff_dc_form_id_key"
DETAIL:  Key (dc_form_id)=(66) already exists. - Invalid query: INSERT INTO "dc_staff" ("dc_form_id", "nama_staff_it", "file_ttd_staff_it", "tanggal_ttd", "status_staff_it", "tanggal_berlaku", "jam_mulai", "jam_selesai", "durasi_akses") VALUES ('66', 'adit', '6912bc320abc5_1762835506.jpeg', '2025-11-11 11:31:46', 'Diajukan', '2025-11-12', '11:32', '15:34', '4 jam 2 menit')
ERROR - 2025-11-11 01:32:17 --> Severity: Warning --> session_start(): Failed to decode session object. Session has been destroyed /var/www/html/src/vendor/codeigniter/framework/system/libraries/Session/Session.php 137
ERROR - 2025-11-11 01:32:20 --> Severity: Warning --> session_start(): Failed to decode session object. Session has been destroyed /var/www/html/src/vendor/codeigniter/framework/system/libraries/Session/Session.php 137
ERROR - 2025-11-11 01:32:27 --> Severity: Warning --> session_start(): Failed to decode session object. Session has been destroyed /var/www/html/src/vendor/codeigniter/framework/system/libraries/Session/Session.php 137
ERROR - 2025-11-11 01:32:31 --> Severity: Warning --> session_start(): Failed to decode session object. Session has been destroyed /var/www/html/src/vendor/codeigniter/framework/system/libraries/Session/Session.php 137
ERROR - 2025-11-11 01:32:43 --> 404 Page Not Found: Well-known/appspecific
ERROR - 2025-11-11 01:32:44 --> Severity: Warning --> session_start(): Failed to decode session object. Session has been destroyed /var/www/html/src/vendor/codeigniter/framework/system/libraries/Session/Session.php 137
ERROR - 2025-11-11 01:32:44 --> 404 Page Not Found: Well-known/appspecific
ERROR - 2025-11-11 11:33:00 --> Severity: Warning --> pg_query(): Query failed: ERROR:  duplicate key value violates unique constraint &quot;dc_staff_dc_form_id_key&quot;
DETAIL:  Key (dc_form_id)=(66) already exists. /var/www/html/src/vendor/codeigniter/framework/system/database/drivers/postgre/postgre_driver.php 234
ERROR - 2025-11-11 11:33:00 --> Query error: ERROR:  duplicate key value violates unique constraint "dc_staff_dc_form_id_key"
DETAIL:  Key (dc_form_id)=(66) already exists. - Invalid query: INSERT INTO "dc_staff" ("dc_form_id", "nama_staff_it", "file_ttd_staff_it", "tanggal_ttd", "status_staff_it", "tanggal_berlaku", "jam_mulai", "jam_selesai", "durasi_akses") VALUES ('66', 'adit', '6912bc7c37f79_1762835580.jpeg', '2025-11-11 11:33:00', 'Diajukan', '2025-11-12', '11:32', '15:34', '4 jam 2 menit')
ERROR - 2025-11-11 01:33:05 --> Severity: Warning --> session_start(): Failed to decode session object. Session has been destroyed /var/www/html/src/vendor/codeigniter/framework/system/libraries/Session/Session.php 137
ERROR - 2025-11-11 01:33:05 --> Severity: Warning --> session_start(): Failed to decode session object. Session has been destroyed /var/www/html/src/vendor/codeigniter/framework/system/libraries/Session/Session.php 137
ERROR - 2025-11-11 01:34:01 --> 404 Page Not Found: Well-known/appspecific
ERROR - 2025-11-11 01:34:05 --> Severity: Warning --> session_start(): Failed to decode session object. Session has been destroyed /var/www/html/src/vendor/codeigniter/framework/system/libraries/Session/Session.php 137
ERROR - 2025-11-11 11:34:19 --> Method ajukan dipanggil
ERROR - 2025-11-11 11:34:19 --> Data received - ID: 65, Nama Staff: adit
ERROR - 2025-11-11 11:34:19 --> File info - Name: WhatsApp Image 2025-11-06 at 12.40.36 (1).jpeg, Size: 157808, Error: 0
ERROR - 2025-11-11 11:34:19 --> File validation - Extension: jpeg, MIME: image/jpeg
ERROR - 2025-11-11 11:34:19 --> Attempting to upload to: /var/www/html/src/public/uploads/tanda_tangan/6912bccb802a7_1762835659.jpeg
ERROR - 2025-11-11 11:34:19 --> File uploaded successfully: 6912bccb802a7_1762835659.jpeg
ERROR - 2025-11-11 11:34:19 --> Inserting staff data: {"dc_form_id":"65","nama_staff_it":"adit","file_ttd_staff_it":"6912bccb802a7_1762835659.jpeg","tanggal_ttd":"2025-11-11 11:34:19","status_staff_it":"Diajukan","tanggal_berlaku":"2025-11-12","jam_mulai":"11:34","jam_selesai":"15:34","durasi_akses":"4 jam"}
ERROR - 2025-11-11 11:34:19 --> Staff insert result: SUCCESS, ID: 44
ERROR - 2025-11-11 11:34:19 --> Updating form data: {"status":"Diteruskan ke Manager","tanggal_ajukan":"2025-11-11 11:34:19","tanggal_berlaku":"2025-11-12","jam_mulai":"11:34","jam_selesai":"15:34","durasi_akses":"4 jam"}
ERROR - 2025-11-11 11:34:19 --> Form update result: SUCCESS
ERROR - 2025-11-11 11:34:19 --> AJUKAN SUCCESS - ID: 65
ERROR - 2025-11-11 01:34:21 --> Severity: Warning --> session_start(): Failed to decode session object. Session has been destroyed /var/www/html/src/vendor/codeigniter/framework/system/libraries/Session/Session.php 137
ERROR - 2025-11-11 01:34:22 --> 404 Page Not Found: Well-known/appspecific
ERROR - 2025-11-11 01:34:52 --> Severity: Warning --> session_start(): Failed to decode session object. Session has been destroyed /var/www/html/src/vendor/codeigniter/framework/system/libraries/Session/Session.php 137
ERROR - 2025-11-11 01:36:06 --> Severity: Warning --> mkdir(): Invalid path /var/www/html/src/vendor/codeigniter/framework/system/libraries/Session/drivers/Session_files_driver.php 137
ERROR - 2025-11-11 01:36:06 --> Severity: Warning --> mkdir(): Invalid path /var/www/html/src/vendor/codeigniter/framework/system/libraries/Session/drivers/Session_files_driver.php 137
ERROR - 2025-11-11 01:36:06 --> Session: Configured save path '' is not a directory, doesn't exist or cannot be created.
ERROR - 2025-11-11 01:36:06 --> Session: Configured save path '' is not a directory, doesn't exist or cannot be created.
ERROR - 2025-11-11 01:36:06 --> Severity: Warning --> session_start(): Failed to initialize storage module: user (path: ) /var/www/html/src/vendor/codeigniter/framework/system/libraries/Session/Session.php 137
ERROR - 2025-11-11 01:36:06 --> Severity: Warning --> session_start(): Failed to initialize storage module: user (path: ) /var/www/html/src/vendor/codeigniter/framework/system/libraries/Session/Session.php 137
ERROR - 2025-11-11 01:36:07 --> Severity: Warning --> mkdir(): Invalid path /var/www/html/src/vendor/codeigniter/framework/system/libraries/Session/drivers/Session_files_driver.php 137
ERROR - 2025-11-11 01:36:07 --> Session: Configured save path '' is not a directory, doesn't exist or cannot be created.
ERROR - 2025-11-11 01:36:07 --> Severity: Warning --> session_start(): Failed to initialize storage module: user (path: ) /var/www/html/src/vendor/codeigniter/framework/system/libraries/Session/Session.php 137
ERROR - 2025-11-11 01:36:08 --> Severity: Warning --> mkdir(): Invalid path /var/www/html/src/vendor/codeigniter/framework/system/libraries/Session/drivers/Session_files_driver.php 137
ERROR - 2025-11-11 01:36:08 --> Session: Configured save path '' is not a directory, doesn't exist or cannot be created.
ERROR - 2025-11-11 01:36:08 --> Severity: Warning --> session_start(): Failed to initialize storage module: user (path: ) /var/www/html/src/vendor/codeigniter/framework/system/libraries/Session/Session.php 137
ERROR - 2025-11-11 01:36:06 --> Severity: Warning --> mkdir(): Invalid path /var/www/html/src/vendor/codeigniter/framework/system/libraries/Session/drivers/Session_files_driver.php 137
ERROR - 2025-11-11 01:36:06 --> Session: Configured save path '' is not a directory, doesn't exist or cannot be created.
ERROR - 2025-11-11 01:36:06 --> Severity: Warning --> session_start(): Failed to initialize storage module: user (path: ) /var/www/html/src/vendor/codeigniter/framework/system/libraries/Session/Session.php 137
ERROR - 2025-11-11 01:36:07 --> Severity: Warning --> mkdir(): Invalid path /var/www/html/src/vendor/codeigniter/framework/system/libraries/Session/drivers/Session_files_driver.php 137
ERROR - 2025-11-11 01:36:07 --> Session: Configured save path '' is not a directory, doesn't exist or cannot be created.
ERROR - 2025-11-11 01:36:07 --> Severity: Warning --> session_start(): Failed to initialize storage module: user (path: ) /var/www/html/src/vendor/codeigniter/framework/system/libraries/Session/Session.php 137
ERROR - 2025-11-11 01:36:49 --> Severity: Warning --> mkdir(): Invalid path /var/www/html/src/vendor/codeigniter/framework/system/libraries/Session/drivers/Session_files_driver.php 137
ERROR - 2025-11-11 01:36:49 --> Session: Configured save path '' is not a directory, doesn't exist or cannot be created.
ERROR - 2025-11-11 01:36:49 --> Severity: Warning --> session_start(): Failed to initialize storage module: user (path: ) /var/www/html/src/vendor/codeigniter/framework/system/libraries/Session/Session.php 137
ERROR - 2025-11-11 01:36:49 --> Severity: Warning --> mkdir(): Invalid path /var/www/html/src/vendor/codeigniter/framework/system/libraries/Session/drivers/Session_files_driver.php 137
ERROR - 2025-11-11 01:36:49 --> Session: Configured save path '' is not a directory, doesn't exist or cannot be created.
ERROR - 2025-11-11 01:36:49 --> Severity: Warning --> session_start(): Failed to initialize storage module: user (path: ) /var/www/html/src/vendor/codeigniter/framework/system/libraries/Session/Session.php 137
ERROR - 2025-11-11 01:37:05 --> Severity: Warning --> mkdir(): Invalid path /var/www/html/src/vendor/codeigniter/framework/system/libraries/Session/drivers/Session_files_driver.php 137
ERROR - 2025-11-11 01:37:05 --> Severity: Warning --> mkdir(): Invalid path /var/www/html/src/vendor/codeigniter/framework/system/libraries/Session/drivers/Session_files_driver.php 137
ERROR - 2025-11-11 01:37:05 --> Session: Configured save path '' is not a directory, doesn't exist or cannot be created.
ERROR - 2025-11-11 01:37:05 --> Session: Configured save path '' is not a directory, doesn't exist or cannot be created.
ERROR - 2025-11-11 01:37:05 --> Severity: Warning --> session_start(): Failed to initialize storage module: user (path: ) /var/www/html/src/vendor/codeigniter/framework/system/libraries/Session/Session.php 137
ERROR - 2025-11-11 01:37:05 --> Severity: Warning --> session_start(): Failed to initialize storage module: user (path: ) /var/www/html/src/vendor/codeigniter/framework/system/libraries/Session/Session.php 137
ERROR - 2025-11-11 01:37:05 --> Severity: Warning --> mkdir(): Invalid path /var/www/html/src/vendor/codeigniter/framework/system/libraries/Session/drivers/Session_files_driver.php 137
ERROR - 2025-11-11 01:37:05 --> Session: Configured save path '' is not a directory, doesn't exist or cannot be created.
ERROR - 2025-11-11 01:37:05 --> Severity: Warning --> session_start(): Failed to initialize storage module: user (path: ) /var/www/html/src/vendor/codeigniter/framework/system/libraries/Session/Session.php 137
ERROR - 2025-11-11 01:37:05 --> Severity: Warning --> mkdir(): Invalid path /var/www/html/src/vendor/codeigniter/framework/system/libraries/Session/drivers/Session_files_driver.php 137
ERROR - 2025-11-11 01:37:05 --> Session: Configured save path '' is not a directory, doesn't exist or cannot be created.
ERROR - 2025-11-11 01:37:05 --> Severity: Warning --> session_start(): Failed to initialize storage module: user (path: ) /var/www/html/src/vendor/codeigniter/framework/system/libraries/Session/Session.php 137
ERROR - 2025-11-11 01:37:06 --> Severity: Warning --> mkdir(): Invalid path /var/www/html/src/vendor/codeigniter/framework/system/libraries/Session/drivers/Session_files_driver.php 137
ERROR - 2025-11-11 01:37:06 --> Session: Configured save path '' is not a directory, doesn't exist or cannot be created.
ERROR - 2025-11-11 01:37:06 --> Severity: Warning --> session_start(): Failed to initialize storage module: user (path: ) /var/www/html/src/vendor/codeigniter/framework/system/libraries/Session/Session.php 137
ERROR - 2025-11-11 01:37:06 --> Severity: Warning --> mkdir(): Invalid path /var/www/html/src/vendor/codeigniter/framework/system/libraries/Session/drivers/Session_files_driver.php 137
ERROR - 2025-11-11 01:37:06 --> Session: Configured save path '' is not a directory, doesn't exist or cannot be created.
ERROR - 2025-11-11 01:37:06 --> Severity: Warning --> session_start(): Failed to initialize storage module: user (path: ) /var/www/html/src/vendor/codeigniter/framework/system/libraries/Session/Session.php 137
ERROR - 2025-11-11 01:37:09 --> Severity: Warning --> session_start(): Failed to decode session object. Session has been destroyed /var/www/html/src/vendor/codeigniter/framework/system/libraries/Session/Session.php 137
ERROR - 2025-11-11 01:48:05 --> Severity: Warning --> session_start(): Failed to decode session object. Session has been destroyed /var/www/html/src/vendor/codeigniter/framework/system/libraries/Session/Session.php 137
ERROR - 2025-11-11 01:48:05 --> 404 Page Not Found: Well-known/appspecific
ERROR - 2025-11-11 01:49:06 --> Severity: Warning --> session_start(): Failed to decode session object. Session has been destroyed /var/www/html/src/vendor/codeigniter/framework/system/libraries/Session/Session.php 137
ERROR - 2025-11-11 01:51:44 --> Severity: Warning --> session_start(): Failed to decode session object. Session has been destroyed /var/www/html/src/vendor/codeigniter/framework/system/libraries/Session/Session.php 137
ERROR - 2025-11-11 01:51:49 --> Severity: Warning --> session_start(): Failed to decode session object. Session has been destroyed /var/www/html/src/vendor/codeigniter/framework/system/libraries/Session/Session.php 137
ERROR - 2025-11-11 01:51:51 --> Severity: Warning --> session_start(): Failed to decode session object. Session has been destroyed /var/www/html/src/vendor/codeigniter/framework/system/libraries/Session/Session.php 137
ERROR - 2025-11-11 01:51:56 --> Severity: Warning --> session_start(): Failed to decode session object. Session has been destroyed /var/www/html/src/vendor/codeigniter/framework/system/libraries/Session/Session.php 137
ERROR - 2025-11-11 01:51:59 --> Severity: Warning --> session_start(): Failed to decode session object. Session has been destroyed /var/www/html/src/vendor/codeigniter/framework/system/libraries/Session/Session.php 137
ERROR - 2025-11-11 01:52:18 --> Severity: Warning --> session_start(): Failed to decode session object. Session has been destroyed /var/www/html/src/vendor/codeigniter/framework/system/libraries/Session/Session.php 137
ERROR - 2025-11-11 01:52:42 --> Severity: Warning --> session_start(): Failed to decode session object. Session has been destroyed /var/www/html/src/vendor/codeigniter/framework/system/libraries/Session/Session.php 137
ERROR - 2025-11-11 01:52:46 --> Severity: Warning --> session_start(): Failed to decode session object. Session has been destroyed /var/www/html/src/vendor/codeigniter/framework/system/libraries/Session/Session.php 137
ERROR - 2025-11-11 01:52:47 --> Severity: Warning --> session_start(): Failed to decode session object. Session has been destroyed /var/www/html/src/vendor/codeigniter/framework/system/libraries/Session/Session.php 137
ERROR - 2025-11-11 01:54:07 --> Severity: Warning --> session_start(): Failed to decode session object. Session has been destroyed /var/www/html/src/vendor/codeigniter/framework/system/libraries/Session/Session.php 137
ERROR - 2025-11-11 01:54:07 --> Severity: Warning --> session_start(): Failed to decode session object. Session has been destroyed /var/www/html/src/vendor/codeigniter/framework/system/libraries/Session/Session.php 137
ERROR - 2025-11-11 12:43:04 --> Severity: Warning --> pg_query(): Query failed: ERROR:  column &quot;timestamp&quot; is of type timestamp with time zone but expression is of type integer
LINE 1: ...'77l4dsngnmr6u0iqi9369es2gkr2k5jr', '172.19.0.1', 1762839784...
                                                             ^
HINT:  You will need to rewrite or cast the expression. /var/www/html/src/vendor/codeigniter/framework/system/database/drivers/postgre/postgre_driver.php 234
ERROR - 2025-11-11 12:43:04 --> Severity: Warning --> pg_query(): Query failed: ERROR:  column &quot;timestamp&quot; is of type timestamp with time zone but expression is of type integer
LINE 1: ...'vjqjo14emqp14eao5k1o8dl8p5e6eae9', '172.19.0.1', 1762839784...
                                                             ^
HINT:  You will need to rewrite or cast the expression. /var/www/html/src/vendor/codeigniter/framework/system/database/drivers/postgre/postgre_driver.php 234
ERROR - 2025-11-11 12:43:04 --> Query error: ERROR:  column "timestamp" is of type timestamp with time zone but expression is of type integer
LINE 1: ...'77l4dsngnmr6u0iqi9369es2gkr2k5jr', '172.19.0.1', 1762839784...
                                                             ^
HINT:  You will need to rewrite or cast the expression. - Invalid query: INSERT INTO "ci_sessions" ("id", "ip_address", "timestamp", "data") VALUES ('77l4dsngnmr6u0iqi9369es2gkr2k5jr', '172.19.0.1', 1762839784, '')
ERROR - 2025-11-11 12:43:04 --> Query error: ERROR:  column "timestamp" is of type timestamp with time zone but expression is of type integer
LINE 1: ...'vjqjo14emqp14eao5k1o8dl8p5e6eae9', '172.19.0.1', 1762839784...
                                                             ^
HINT:  You will need to rewrite or cast the expression. - Invalid query: INSERT INTO "ci_sessions" ("id", "ip_address", "timestamp", "data") VALUES ('vjqjo14emqp14eao5k1o8dl8p5e6eae9', '172.19.0.1', 1762839784, '')
ERROR - 2025-11-11 12:44:04 --> Severity: Warning --> pg_query(): Query failed: ERROR:  column &quot;timestamp&quot; is of type timestamp with time zone but expression is of type integer
LINE 1: ...'nogloukcr99hbqjq25s77vldlro3jla4', '172.19.0.1', 1762839844...
                                                             ^
HINT:  You will need to rewrite or cast the expression. /var/www/html/src/vendor/codeigniter/framework/system/database/drivers/postgre/postgre_driver.php 234
ERROR - 2025-11-11 12:44:04 --> Severity: Warning --> pg_query(): Query failed: ERROR:  column &quot;timestamp&quot; is of type timestamp with time zone but expression is of type integer
LINE 1: ...'o598a0304i18l701mn8d9tofd2dsttil', '172.19.0.1', 1762839844...
                                                             ^
HINT:  You will need to rewrite or cast the expression. /var/www/html/src/vendor/codeigniter/framework/system/database/drivers/postgre/postgre_driver.php 234
ERROR - 2025-11-11 12:44:04 --> Query error: ERROR:  column "timestamp" is of type timestamp with time zone but expression is of type integer
LINE 1: ...'o598a0304i18l701mn8d9tofd2dsttil', '172.19.0.1', 1762839844...
                                                             ^
HINT:  You will need to rewrite or cast the expression. - Invalid query: INSERT INTO "ci_sessions" ("id", "ip_address", "timestamp", "data") VALUES ('o598a0304i18l701mn8d9tofd2dsttil', '172.19.0.1', 1762839844, '')
ERROR - 2025-11-11 12:44:04 --> Query error: ERROR:  column "timestamp" is of type timestamp with time zone but expression is of type integer
LINE 1: ...'nogloukcr99hbqjq25s77vldlro3jla4', '172.19.0.1', 1762839844...
                                                             ^
HINT:  You will need to rewrite or cast the expression. - Invalid query: INSERT INTO "ci_sessions" ("id", "ip_address", "timestamp", "data") VALUES ('nogloukcr99hbqjq25s77vldlro3jla4', '172.19.0.1', 1762839844, '')
ERROR - 2025-11-11 12:45:05 --> Severity: Warning --> pg_query(): Query failed: ERROR:  column &quot;timestamp&quot; is of type timestamp with time zone but expression is of type integer
LINE 1: ...'qukbb24tcicmi6jle31j3uiqf82k7prv', '172.19.0.1', 1762839905...
                                                             ^
HINT:  You will need to rewrite or cast the expression. /var/www/html/src/vendor/codeigniter/framework/system/database/drivers/postgre/postgre_driver.php 234
ERROR - 2025-11-11 12:45:05 --> Severity: Warning --> pg_query(): Query failed: ERROR:  column &quot;timestamp&quot; is of type timestamp with time zone but expression is of type integer
LINE 1: ...'ikej39mvpv4uf1h3mgtgepv8ms2p9pv8', '172.19.0.1', 1762839905...
                                                             ^
HINT:  You will need to rewrite or cast the expression. /var/www/html/src/vendor/codeigniter/framework/system/database/drivers/postgre/postgre_driver.php 234
ERROR - 2025-11-11 12:45:05 --> Query error: ERROR:  column "timestamp" is of type timestamp with time zone but expression is of type integer
LINE 1: ...'ikej39mvpv4uf1h3mgtgepv8ms2p9pv8', '172.19.0.1', 1762839905...
                                                             ^
HINT:  You will need to rewrite or cast the expression. - Invalid query: INSERT INTO "ci_sessions" ("id", "ip_address", "timestamp", "data") VALUES ('ikej39mvpv4uf1h3mgtgepv8ms2p9pv8', '172.19.0.1', 1762839905, '')
ERROR - 2025-11-11 12:45:05 --> Query error: ERROR:  column "timestamp" is of type timestamp with time zone but expression is of type integer
LINE 1: ...'qukbb24tcicmi6jle31j3uiqf82k7prv', '172.19.0.1', 1762839905...
                                                             ^
HINT:  You will need to rewrite or cast the expression. - Invalid query: INSERT INTO "ci_sessions" ("id", "ip_address", "timestamp", "data") VALUES ('qukbb24tcicmi6jle31j3uiqf82k7prv', '172.19.0.1', 1762839905, '')
ERROR - 2025-11-11 12:46:05 --> Severity: Warning --> pg_query(): Query failed: ERROR:  column &quot;timestamp&quot; is of type timestamp with time zone but expression is of type integer
LINE 1: ...'hb9ii1o9ro7aceffbutd8jqj3idl48ts', '172.19.0.1', 1762839965...
                                                             ^
HINT:  You will need to rewrite or cast the expression. /var/www/html/src/vendor/codeigniter/framework/system/database/drivers/postgre/postgre_driver.php 234
ERROR - 2025-11-11 12:46:05 --> Severity: Warning --> pg_query(): Query failed: ERROR:  column &quot;timestamp&quot; is of type timestamp with time zone but expression is of type integer
LINE 1: ...'464mnbk85cnqch3r329mns61v19t5ha6', '172.19.0.1', 1762839965...
                                                             ^
HINT:  You will need to rewrite or cast the expression. /var/www/html/src/vendor/codeigniter/framework/system/database/drivers/postgre/postgre_driver.php 234
ERROR - 2025-11-11 12:46:05 --> Query error: ERROR:  column "timestamp" is of type timestamp with time zone but expression is of type integer
LINE 1: ...'464mnbk85cnqch3r329mns61v19t5ha6', '172.19.0.1', 1762839965...
                                                             ^
HINT:  You will need to rewrite or cast the expression. - Invalid query: INSERT INTO "ci_sessions" ("id", "ip_address", "timestamp", "data") VALUES ('464mnbk85cnqch3r329mns61v19t5ha6', '172.19.0.1', 1762839965, '')
ERROR - 2025-11-11 12:46:05 --> Query error: ERROR:  column "timestamp" is of type timestamp with time zone but expression is of type integer
LINE 1: ...'hb9ii1o9ro7aceffbutd8jqj3idl48ts', '172.19.0.1', 1762839965...
                                                             ^
HINT:  You will need to rewrite or cast the expression. - Invalid query: INSERT INTO "ci_sessions" ("id", "ip_address", "timestamp", "data") VALUES ('hb9ii1o9ro7aceffbutd8jqj3idl48ts', '172.19.0.1', 1762839965, '')
ERROR - 2025-11-11 12:46:39 --> Severity: Warning --> pg_query(): Query failed: ERROR:  column &quot;timestamp&quot; is of type timestamp with time zone but expression is of type integer
LINE 1: ...'g40gddco57mcd7slkqnb9r95igg54p73', '172.19.0.1', 1762839999...
                                                             ^
HINT:  You will need to rewrite or cast the expression. /var/www/html/src/vendor/codeigniter/framework/system/database/drivers/postgre/postgre_driver.php 234
ERROR - 2025-11-11 12:46:39 --> Query error: ERROR:  column "timestamp" is of type timestamp with time zone but expression is of type integer
LINE 1: ...'g40gddco57mcd7slkqnb9r95igg54p73', '172.19.0.1', 1762839999...
                                                             ^
HINT:  You will need to rewrite or cast the expression. - Invalid query: INSERT INTO "ci_sessions" ("id", "ip_address", "timestamp", "data") VALUES ('g40gddco57mcd7slkqnb9r95igg54p73', '172.19.0.1', 1762839999, 'X19jaV9sYXN0X3JlZ2VuZXJhdGV8aToxNzYyODM5OTk5Ow==')
ERROR - 2025-11-11 12:46:41 --> Severity: Warning --> pg_query(): Query failed: ERROR:  column &quot;timestamp&quot; is of type timestamp with time zone but expression is of type integer
LINE 1: ...'gp31hu91huqjbh2fi99gg9716k640mmh', '172.19.0.1', 1762840001...
                                                             ^
HINT:  You will need to rewrite or cast the expression. /var/www/html/src/vendor/codeigniter/framework/system/database/drivers/postgre/postgre_driver.php 234
ERROR - 2025-11-11 12:46:41 --> Query error: ERROR:  column "timestamp" is of type timestamp with time zone but expression is of type integer
LINE 1: ...'gp31hu91huqjbh2fi99gg9716k640mmh', '172.19.0.1', 1762840001...
                                                             ^
HINT:  You will need to rewrite or cast the expression. - Invalid query: INSERT INTO "ci_sessions" ("id", "ip_address", "timestamp", "data") VALUES ('gp31hu91huqjbh2fi99gg9716k640mmh', '172.19.0.1', 1762840001, 'X19jaV9sYXN0X3JlZ2VuZXJhdGV8aToxNzYyODQwMDAxOw==')
ERROR - 2025-11-11 12:46:42 --> Severity: Warning --> pg_query(): Query failed: ERROR:  column &quot;timestamp&quot; is of type timestamp with time zone but expression is of type integer
LINE 1: ...'tmivaubjlmjprj79f3uok24da0l7vt1e', '172.19.0.1', 1762840002...
                                                             ^
HINT:  You will need to rewrite or cast the expression. /var/www/html/src/vendor/codeigniter/framework/system/database/drivers/postgre/postgre_driver.php 234
ERROR - 2025-11-11 12:46:42 --> Query error: ERROR:  column "timestamp" is of type timestamp with time zone but expression is of type integer
LINE 1: ...'tmivaubjlmjprj79f3uok24da0l7vt1e', '172.19.0.1', 1762840002...
                                                             ^
HINT:  You will need to rewrite or cast the expression. - Invalid query: INSERT INTO "ci_sessions" ("id", "ip_address", "timestamp", "data") VALUES ('tmivaubjlmjprj79f3uok24da0l7vt1e', '172.19.0.1', 1762840002, 'X19jaV9sYXN0X3JlZ2VuZXJhdGV8aToxNzYyODQwMDAyOw==')
ERROR - 2025-11-11 12:46:43 --> Severity: Warning --> pg_query(): Query failed: ERROR:  column &quot;timestamp&quot; is of type timestamp with time zone but expression is of type integer
LINE 1: ...'k3hpfhq2bgegs0l0lg1qd9h9fsu3ncg8', '172.19.0.1', 1762840003...
                                                             ^
HINT:  You will need to rewrite or cast the expression. /var/www/html/src/vendor/codeigniter/framework/system/database/drivers/postgre/postgre_driver.php 234
ERROR - 2025-11-11 12:46:43 --> Query error: ERROR:  column "timestamp" is of type timestamp with time zone but expression is of type integer
LINE 1: ...'k3hpfhq2bgegs0l0lg1qd9h9fsu3ncg8', '172.19.0.1', 1762840003...
                                                             ^
HINT:  You will need to rewrite or cast the expression. - Invalid query: INSERT INTO "ci_sessions" ("id", "ip_address", "timestamp", "data") VALUES ('k3hpfhq2bgegs0l0lg1qd9h9fsu3ncg8', '172.19.0.1', 1762840003, 'X19jaV9sYXN0X3JlZ2VuZXJhdGV8aToxNzYyODQwMDAzOw==')
ERROR - 2025-11-11 12:46:44 --> Severity: Warning --> pg_query(): Query failed: ERROR:  column &quot;timestamp&quot; is of type timestamp with time zone but expression is of type integer
LINE 1: ...'cqfc9nko6t6jrtalcl82u81cheoh6scf', '172.19.0.1', 1762840004...
                                                             ^
HINT:  You will need to rewrite or cast the expression. /var/www/html/src/vendor/codeigniter/framework/system/database/drivers/postgre/postgre_driver.php 234
ERROR - 2025-11-11 12:46:44 --> Query error: ERROR:  column "timestamp" is of type timestamp with time zone but expression is of type integer
LINE 1: ...'cqfc9nko6t6jrtalcl82u81cheoh6scf', '172.19.0.1', 1762840004...
                                                             ^
HINT:  You will need to rewrite or cast the expression. - Invalid query: INSERT INTO "ci_sessions" ("id", "ip_address", "timestamp", "data") VALUES ('cqfc9nko6t6jrtalcl82u81cheoh6scf', '172.19.0.1', 1762840004, 'X19jaV9sYXN0X3JlZ2VuZXJhdGV8aToxNzYyODQwMDAzOw==')
ERROR - 2025-11-11 12:46:44 --> Severity: Warning --> pg_query(): Query failed: ERROR:  column &quot;timestamp&quot; is of type timestamp with time zone but expression is of type integer
LINE 1: ...'7ignr1g0krjqaos3uvmotb0t8b7lsniu', '172.19.0.1', 1762840004...
                                                             ^
HINT:  You will need to rewrite or cast the expression. /var/www/html/src/vendor/codeigniter/framework/system/database/drivers/postgre/postgre_driver.php 234
ERROR - 2025-11-11 12:46:44 --> Query error: ERROR:  column "timestamp" is of type timestamp with time zone but expression is of type integer
LINE 1: ...'7ignr1g0krjqaos3uvmotb0t8b7lsniu', '172.19.0.1', 1762840004...
                                                             ^
HINT:  You will need to rewrite or cast the expression. - Invalid query: INSERT INTO "ci_sessions" ("id", "ip_address", "timestamp", "data") VALUES ('7ignr1g0krjqaos3uvmotb0t8b7lsniu', '172.19.0.1', 1762840004, 'X19jaV9sYXN0X3JlZ2VuZXJhdGV8aToxNzYyODQwMDA0Ow==')
ERROR - 2025-11-11 12:46:44 --> Severity: Warning --> Cannot modify header information - headers already sent by (output started at /var/www/html/src/vendor/codeigniter/framework/system/core/Output.php:543) /var/www/html/src/vendor/codeigniter/framework/system/core/Common.php 571
ERROR - 2025-11-11 12:46:46 --> Severity: Warning --> pg_query(): Query failed: ERROR:  column &quot;timestamp&quot; is of type timestamp with time zone but expression is of type integer
LINE 1: ...'30gamk94gi8o03d6m74t57vrsoek5n2e', '172.19.0.1', 1762840006...
                                                             ^
HINT:  You will need to rewrite or cast the expression. /var/www/html/src/vendor/codeigniter/framework/system/database/drivers/postgre/postgre_driver.php 234
ERROR - 2025-11-11 12:46:46 --> Query error: ERROR:  column "timestamp" is of type timestamp with time zone but expression is of type integer
LINE 1: ...'30gamk94gi8o03d6m74t57vrsoek5n2e', '172.19.0.1', 1762840006...
                                                             ^
HINT:  You will need to rewrite or cast the expression. - Invalid query: INSERT INTO "ci_sessions" ("id", "ip_address", "timestamp", "data") VALUES ('30gamk94gi8o03d6m74t57vrsoek5n2e', '172.19.0.1', 1762840006, 'X19jaV9sYXN0X3JlZ2VuZXJhdGV8aToxNzYyODQwMDA2Ow==')
ERROR - 2025-11-11 12:46:46 --> Severity: Warning --> Cannot modify header information - headers already sent by (output started at /var/www/html/src/vendor/codeigniter/framework/system/core/Output.php:543) /var/www/html/src/vendor/codeigniter/framework/system/core/Common.php 571
ERROR - 2025-11-11 12:46:47 --> Severity: Warning --> pg_query(): Query failed: ERROR:  column &quot;timestamp&quot; is of type timestamp with time zone but expression is of type integer
LINE 1: ...'gdkr61predo1hoehh3dg4pcg94kfk887', '172.19.0.1', 1762840007...
                                                             ^
HINT:  You will need to rewrite or cast the expression. /var/www/html/src/vendor/codeigniter/framework/system/database/drivers/postgre/postgre_driver.php 234
ERROR - 2025-11-11 12:46:47 --> Query error: ERROR:  column "timestamp" is of type timestamp with time zone but expression is of type integer
LINE 1: ...'gdkr61predo1hoehh3dg4pcg94kfk887', '172.19.0.1', 1762840007...
                                                             ^
HINT:  You will need to rewrite or cast the expression. - Invalid query: INSERT INTO "ci_sessions" ("id", "ip_address", "timestamp", "data") VALUES ('gdkr61predo1hoehh3dg4pcg94kfk887', '172.19.0.1', 1762840007, 'X19jaV9sYXN0X3JlZ2VuZXJhdGV8aToxNzYyODQwMDA3Ow==')
ERROR - 2025-11-11 12:46:47 --> Severity: Warning --> Cannot modify header information - headers already sent by (output started at /var/www/html/src/vendor/codeigniter/framework/system/core/Output.php:543) /var/www/html/src/vendor/codeigniter/framework/system/core/Common.php 571
ERROR - 2025-11-11 02:46:48 --> Severity: Warning --> pg_query(): Query failed: ERROR:  column &quot;timestamp&quot; is of type timestamp with time zone but expression is of type integer
LINE 1: ...'uavskdoihji32ccn91r077729dtnob32', '172.19.0.1', 1762840008...
                                                             ^
HINT:  You will need to rewrite or cast the expression. /var/www/html/src/vendor/codeigniter/framework/system/database/drivers/postgre/postgre_driver.php 234
ERROR - 2025-11-11 02:46:48 --> Query error: ERROR:  column "timestamp" is of type timestamp with time zone but expression is of type integer
LINE 1: ...'uavskdoihji32ccn91r077729dtnob32', '172.19.0.1', 1762840008...
                                                             ^
HINT:  You will need to rewrite or cast the expression. - Invalid query: INSERT INTO "ci_sessions" ("id", "ip_address", "timestamp", "data") VALUES ('uavskdoihji32ccn91r077729dtnob32', '172.19.0.1', 1762840008, 'X19jaV9sYXN0X3JlZ2VuZXJhdGV8aToxNzYyODQwMDA4Ow==')
ERROR - 2025-11-11 02:46:48 --> Severity: Warning --> Cannot modify header information - headers already sent by (output started at /var/www/html/src/vendor/codeigniter/framework/system/core/Output.php:543) /var/www/html/src/vendor/codeigniter/framework/system/core/Common.php 571
ERROR - 2025-11-11 02:46:49 --> Severity: Warning --> pg_query(): Query failed: ERROR:  column &quot;timestamp&quot; is of type timestamp with time zone but expression is of type integer
LINE 1: ...'crtsvsm60mc4ioo5chdokfd6qc3o4h2j', '172.19.0.1', 1762840009...
                                                             ^
HINT:  You will need to rewrite or cast the expression. /var/www/html/src/vendor/codeigniter/framework/system/database/drivers/postgre/postgre_driver.php 234
ERROR - 2025-11-11 02:46:49 --> Query error: ERROR:  column "timestamp" is of type timestamp with time zone but expression is of type integer
LINE 1: ...'crtsvsm60mc4ioo5chdokfd6qc3o4h2j', '172.19.0.1', 1762840009...
                                                             ^
HINT:  You will need to rewrite or cast the expression. - Invalid query: INSERT INTO "ci_sessions" ("id", "ip_address", "timestamp", "data") VALUES ('crtsvsm60mc4ioo5chdokfd6qc3o4h2j', '172.19.0.1', 1762840009, 'X19jaV9sYXN0X3JlZ2VuZXJhdGV8aToxNzYyODQwMDA5Ow==')
ERROR - 2025-11-11 02:46:49 --> Severity: Warning --> Cannot modify header information - headers already sent by (output started at /var/www/html/src/vendor/codeigniter/framework/system/core/Output.php:543) /var/www/html/src/vendor/codeigniter/framework/system/core/Common.php 571
ERROR - 2025-11-11 02:46:50 --> Severity: Warning --> pg_query(): Query failed: ERROR:  column &quot;timestamp&quot; is of type timestamp with time zone but expression is of type integer
LINE 1: ...'nu8omibd671nhhatfd5679j1vl9pj7mb', '172.19.0.1', 1762840010...
                                                             ^
HINT:  You will need to rewrite or cast the expression. /var/www/html/src/vendor/codeigniter/framework/system/database/drivers/postgre/postgre_driver.php 234
ERROR - 2025-11-11 02:46:50 --> Query error: ERROR:  column "timestamp" is of type timestamp with time zone but expression is of type integer
LINE 1: ...'nu8omibd671nhhatfd5679j1vl9pj7mb', '172.19.0.1', 1762840010...
                                                             ^
HINT:  You will need to rewrite or cast the expression. - Invalid query: INSERT INTO "ci_sessions" ("id", "ip_address", "timestamp", "data") VALUES ('nu8omibd671nhhatfd5679j1vl9pj7mb', '172.19.0.1', 1762840010, 'X19jaV9sYXN0X3JlZ2VuZXJhdGV8aToxNzYyODQwMDEwOw==')
ERROR - 2025-11-11 02:46:50 --> Severity: Warning --> Cannot modify header information - headers already sent by (output started at /var/www/html/src/vendor/codeigniter/framework/system/core/Output.php:543) /var/www/html/src/vendor/codeigniter/framework/system/core/Common.php 571
ERROR - 2025-11-11 02:46:51 --> Severity: Warning --> pg_query(): Query failed: ERROR:  column &quot;timestamp&quot; is of type timestamp with time zone but expression is of type integer
LINE 1: ...'vkrro0u2akq7se1t8qsq807rr0tse6hd', '172.19.0.1', 1762840011...
                                                             ^
HINT:  You will need to rewrite or cast the expression. /var/www/html/src/vendor/codeigniter/framework/system/database/drivers/postgre/postgre_driver.php 234
ERROR - 2025-11-11 02:46:51 --> Query error: ERROR:  column "timestamp" is of type timestamp with time zone but expression is of type integer
LINE 1: ...'vkrro0u2akq7se1t8qsq807rr0tse6hd', '172.19.0.1', 1762840011...
                                                             ^
HINT:  You will need to rewrite or cast the expression. - Invalid query: INSERT INTO "ci_sessions" ("id", "ip_address", "timestamp", "data") VALUES ('vkrro0u2akq7se1t8qsq807rr0tse6hd', '172.19.0.1', 1762840011, 'X19jaV9sYXN0X3JlZ2VuZXJhdGV8aToxNzYyODQwMDExOw==')
ERROR - 2025-11-11 02:46:51 --> Severity: Warning --> Cannot modify header information - headers already sent by (output started at /var/www/html/src/vendor/codeigniter/framework/system/core/Output.php:543) /var/www/html/src/vendor/codeigniter/framework/system/core/Common.php 571
ERROR - 2025-11-11 12:46:52 --> Severity: Warning --> pg_query(): Query failed: ERROR:  column &quot;timestamp&quot; is of type timestamp with time zone but expression is of type integer
LINE 1: ...'tefi8jiacl5fjh78r73euiod55j742hl', '172.19.0.1', 1762840012...
                                                             ^
HINT:  You will need to rewrite or cast the expression. /var/www/html/src/vendor/codeigniter/framework/system/database/drivers/postgre/postgre_driver.php 234
ERROR - 2025-11-11 12:46:52 --> Query error: ERROR:  column "timestamp" is of type timestamp with time zone but expression is of type integer
LINE 1: ...'tefi8jiacl5fjh78r73euiod55j742hl', '172.19.0.1', 1762840012...
                                                             ^
HINT:  You will need to rewrite or cast the expression. - Invalid query: INSERT INTO "ci_sessions" ("id", "ip_address", "timestamp", "data") VALUES ('tefi8jiacl5fjh78r73euiod55j742hl', '172.19.0.1', 1762840012, 'X19jaV9sYXN0X3JlZ2VuZXJhdGV8aToxNzYyODQwMDEyOw==')
ERROR - 2025-11-11 12:47:03 --> Severity: Warning --> pg_query(): Query failed: ERROR:  column &quot;timestamp&quot; is of type timestamp with time zone but expression is of type integer
LINE 1: ...'qham950tf5bucocpir91pnpldjg8nq5d', '172.19.0.1', 1762840023...
                                                             ^
HINT:  You will need to rewrite or cast the expression. /var/www/html/src/vendor/codeigniter/framework/system/database/drivers/postgre/postgre_driver.php 234
ERROR - 2025-11-11 12:47:03 --> Severity: Warning --> pg_query(): Query failed: ERROR:  column &quot;timestamp&quot; is of type timestamp with time zone but expression is of type integer
LINE 1: ...'1vhidhjuki247340eejcdq6ha58ajitf', '172.19.0.1', 1762840023...
                                                             ^
HINT:  You will need to rewrite or cast the expression. /var/www/html/src/vendor/codeigniter/framework/system/database/drivers/postgre/postgre_driver.php 234
ERROR - 2025-11-11 12:47:03 --> Query error: ERROR:  column "timestamp" is of type timestamp with time zone but expression is of type integer
LINE 1: ...'1vhidhjuki247340eejcdq6ha58ajitf', '172.19.0.1', 1762840023...
                                                             ^
HINT:  You will need to rewrite or cast the expression. - Invalid query: INSERT INTO "ci_sessions" ("id", "ip_address", "timestamp", "data") VALUES ('1vhidhjuki247340eejcdq6ha58ajitf', '172.19.0.1', 1762840023, '')
ERROR - 2025-11-11 12:47:03 --> Query error: ERROR:  column "timestamp" is of type timestamp with time zone but expression is of type integer
LINE 1: ...'qham950tf5bucocpir91pnpldjg8nq5d', '172.19.0.1', 1762840023...
                                                             ^
HINT:  You will need to rewrite or cast the expression. - Invalid query: INSERT INTO "ci_sessions" ("id", "ip_address", "timestamp", "data") VALUES ('qham950tf5bucocpir91pnpldjg8nq5d', '172.19.0.1', 1762840023, '')
ERROR - 2025-11-11 12:48:04 --> Severity: Warning --> pg_query(): Query failed: ERROR:  column &quot;timestamp&quot; is of type timestamp with time zone but expression is of type integer
LINE 1: ...'ivh1p5bqfddgh86rt5rfbec2g4f07blm', '172.19.0.1', 1762840084...
                                                             ^
HINT:  You will need to rewrite or cast the expression. /var/www/html/src/vendor/codeigniter/framework/system/database/drivers/postgre/postgre_driver.php 234
ERROR - 2025-11-11 12:48:04 --> Severity: Warning --> pg_query(): Query failed: ERROR:  column &quot;timestamp&quot; is of type timestamp with time zone but expression is of type integer
LINE 1: ...'hspncvmjlkagmp3a8qv0bc5opteddiio', '172.19.0.1', 1762840084...
                                                             ^
HINT:  You will need to rewrite or cast the expression. /var/www/html/src/vendor/codeigniter/framework/system/database/drivers/postgre/postgre_driver.php 234
ERROR - 2025-11-11 12:48:04 --> Query error: ERROR:  column "timestamp" is of type timestamp with time zone but expression is of type integer
LINE 1: ...'ivh1p5bqfddgh86rt5rfbec2g4f07blm', '172.19.0.1', 1762840084...
                                                             ^
HINT:  You will need to rewrite or cast the expression. - Invalid query: INSERT INTO "ci_sessions" ("id", "ip_address", "timestamp", "data") VALUES ('ivh1p5bqfddgh86rt5rfbec2g4f07blm', '172.19.0.1', 1762840084, '')
ERROR - 2025-11-11 12:48:04 --> Query error: ERROR:  column "timestamp" is of type timestamp with time zone but expression is of type integer
LINE 1: ...'hspncvmjlkagmp3a8qv0bc5opteddiio', '172.19.0.1', 1762840084...
                                                             ^
HINT:  You will need to rewrite or cast the expression. - Invalid query: INSERT INTO "ci_sessions" ("id", "ip_address", "timestamp", "data") VALUES ('hspncvmjlkagmp3a8qv0bc5opteddiio', '172.19.0.1', 1762840084, '')
ERROR - 2025-11-11 12:49:04 --> Severity: Warning --> pg_query(): Query failed: ERROR:  column &quot;timestamp&quot; is of type timestamp with time zone but expression is of type integer
LINE 1: ...'jursq1t45fca44bdj5g5df9upjrdfhcg', '172.19.0.1', 1762840144...
                                                             ^
HINT:  You will need to rewrite or cast the expression. /var/www/html/src/vendor/codeigniter/framework/system/database/drivers/postgre/postgre_driver.php 234
ERROR - 2025-11-11 12:49:04 --> Severity: Warning --> pg_query(): Query failed: ERROR:  column &quot;timestamp&quot; is of type timestamp with time zone but expression is of type integer
LINE 1: ...'9nggu7ngbuob2ar1phgmlpchhj4sb68r', '172.19.0.1', 1762840144...
                                                             ^
HINT:  You will need to rewrite or cast the expression. /var/www/html/src/vendor/codeigniter/framework/system/database/drivers/postgre/postgre_driver.php 234
ERROR - 2025-11-11 12:49:04 --> Query error: ERROR:  column "timestamp" is of type timestamp with time zone but expression is of type integer
LINE 1: ...'9nggu7ngbuob2ar1phgmlpchhj4sb68r', '172.19.0.1', 1762840144...
                                                             ^
HINT:  You will need to rewrite or cast the expression. - Invalid query: INSERT INTO "ci_sessions" ("id", "ip_address", "timestamp", "data") VALUES ('9nggu7ngbuob2ar1phgmlpchhj4sb68r', '172.19.0.1', 1762840144, '')
ERROR - 2025-11-11 12:49:04 --> Query error: ERROR:  column "timestamp" is of type timestamp with time zone but expression is of type integer
LINE 1: ...'jursq1t45fca44bdj5g5df9upjrdfhcg', '172.19.0.1', 1762840144...
                                                             ^
HINT:  You will need to rewrite or cast the expression. - Invalid query: INSERT INTO "ci_sessions" ("id", "ip_address", "timestamp", "data") VALUES ('jursq1t45fca44bdj5g5df9upjrdfhcg', '172.19.0.1', 1762840144, '')
ERROR - 2025-11-11 02:50:13 --> Severity: Warning --> pg_query(): Query failed: ERROR:  deadlock detected
DETAIL:  Process 3414588 waits for ExclusiveLock on advisory lock [32768,4294967295,2739954461,1]; blocked by process 3414582.
Process 3414582 waits for ExclusiveLock on advisory lock [32768,0,6471018,1]; blocked by process 3414588.
HINT:  See server log for query details. /var/www/html/src/vendor/codeigniter/framework/system/database/drivers/postgre/postgre_driver.php 234
ERROR - 2025-11-11 02:50:13 --> Severity: Warning --> session_start(): Failed to read session data: user (path: ) /var/www/html/src/vendor/codeigniter/framework/system/libraries/Session/Session.php 137
ERROR - 2025-11-11 02:50:15 --> Severity: Warning --> pg_query(): Query failed: ERROR:  deadlock detected
DETAIL:  Process 3414588 waits for ExclusiveLock on advisory lock [32768,4294967295,2739954461,1]; blocked by process 3414582.
Process 3414582 waits for ExclusiveLock on advisory lock [32768,0,6471018,1]; blocked by process 3414588.
HINT:  See server log for query details. /var/www/html/src/vendor/codeigniter/framework/system/database/drivers/postgre/postgre_driver.php 234
ERROR - 2025-11-11 02:50:15 --> Severity: Warning --> session_start(): Failed to read session data: user (path: ) /var/www/html/src/vendor/codeigniter/framework/system/libraries/Session/Session.php 137
ERROR - 2025-11-11 02:50:24 --> Severity: Warning --> session_start(): Failed to decode session object. Session has been destroyed /var/www/html/src/vendor/codeigniter/framework/system/libraries/Session/Session.php 137
ERROR - 2025-11-11 02:50:33 --> Severity: Warning --> session_start(): Failed to decode session object. Session has been destroyed /var/www/html/src/vendor/codeigniter/framework/system/libraries/Session/Session.php 137
ERROR - 2025-11-11 02:50:34 --> Severity: Warning --> session_start(): Failed to decode session object. Session has been destroyed /var/www/html/src/vendor/codeigniter/framework/system/libraries/Session/Session.php 137
ERROR - 2025-11-11 02:55:35 --> Severity: Warning --> session_start(): Failed to decode session object. Session has been destroyed /var/www/html/src/vendor/codeigniter/framework/system/libraries/Session/Session.php 137
ERROR - 2025-11-11 02:55:43 --> Severity: Warning --> session_start(): Failed to decode session object. Session has been destroyed /var/www/html/src/vendor/codeigniter/framework/system/libraries/Session/Session.php 137
ERROR - 2025-11-11 02:55:44 --> Severity: Warning --> session_start(): Failed to decode session object. Session has been destroyed /var/www/html/src/vendor/codeigniter/framework/system/libraries/Session/Session.php 137
ERROR - 2025-11-11 02:55:49 --> Severity: Warning --> session_start(): Failed to decode session object. Session has been destroyed /var/www/html/src/vendor/codeigniter/framework/system/libraries/Session/Session.php 137
ERROR - 2025-11-11 02:55:56 --> Severity: Warning --> session_start(): Failed to decode session object. Session has been destroyed /var/www/html/src/vendor/codeigniter/framework/system/libraries/Session/Session.php 137
ERROR - 2025-11-11 02:56:05 --> Severity: Warning --> session_start(): Failed to decode session object. Session has been destroyed /var/www/html/src/vendor/codeigniter/framework/system/libraries/Session/Session.php 137
ERROR - 2025-11-11 02:56:05 --> Severity: Warning --> session_start(): Failed to decode session object. Session has been destroyed /var/www/html/src/vendor/codeigniter/framework/system/libraries/Session/Session.php 137
ERROR - 2025-11-11 02:56:35 --> Severity: Warning --> session_start(): Failed to decode session object. Session has been destroyed /var/www/html/src/vendor/codeigniter/framework/system/libraries/Session/Session.php 137
ERROR - 2025-11-11 02:56:39 --> Severity: Warning --> session_start(): Failed to decode session object. Session has been destroyed /var/www/html/src/vendor/codeigniter/framework/system/libraries/Session/Session.php 137
ERROR - 2025-11-11 02:57:33 --> Severity: Warning --> pg_query(): Query failed: ERROR:  relation &quot;ci_sessions&quot; does not exist
LINE 2: FROM &quot;ci_sessions&quot;
             ^ /var/www/html/src/vendor/codeigniter/framework/system/database/drivers/postgre/postgre_driver.php 234
ERROR - 2025-11-11 02:57:33 --> Query error: ERROR:  relation "ci_sessions" does not exist
LINE 2: FROM "ci_sessions"
             ^ - Invalid query: SELECT 1
FROM "ci_sessions"
WHERE "id" = 'q2b31cgghg8vidqh13vr37b11qc7n93m'
ERROR - 2025-11-11 02:57:44 --> Severity: Warning --> pg_query(): Query failed: ERROR:  relation &quot;ci_sessions&quot; does not exist
LINE 2: FROM &quot;ci_sessions&quot;
             ^ /var/www/html/src/vendor/codeigniter/framework/system/database/drivers/postgre/postgre_driver.php 234
ERROR - 2025-11-11 02:57:44 --> Query error: ERROR:  relation "ci_sessions" does not exist
LINE 2: FROM "ci_sessions"
             ^ - Invalid query: SELECT 1
FROM "ci_sessions"
WHERE "id" = 'vdjpoejblml11k0va25cski1356qhjss'
ERROR - 2025-11-11 02:57:44 --> Severity: Warning --> pg_query(): Query failed: ERROR:  relation &quot;ci_sessions&quot; does not exist
LINE 2: FROM &quot;ci_sessions&quot;
             ^ /var/www/html/src/vendor/codeigniter/framework/system/database/drivers/postgre/postgre_driver.php 234
ERROR - 2025-11-11 02:57:44 --> Query error: ERROR:  relation "ci_sessions" does not exist
LINE 2: FROM "ci_sessions"
             ^ - Invalid query: SELECT 1
FROM "ci_sessions"
WHERE "id" = 'p005v687ndt8afonmfugkaj1mbjefbje'
ERROR - 2025-11-11 02:57:57 --> Severity: Warning --> session_start(): Failed to decode session object. Session has been destroyed /var/www/html/src/vendor/codeigniter/framework/system/libraries/Session/Session.php 137
ERROR - 2025-11-11 02:58:07 --> Severity: Warning --> session_start(): Failed to decode session object. Session has been destroyed /var/www/html/src/vendor/codeigniter/framework/system/libraries/Session/Session.php 137
ERROR - 2025-11-11 02:58:08 --> Severity: Warning --> session_start(): Failed to decode session object. Session has been destroyed /var/www/html/src/vendor/codeigniter/framework/system/libraries/Session/Session.php 137
ERROR - 2025-11-11 02:58:16 --> Severity: Warning --> session_start(): Failed to decode session object. Session has been destroyed /var/www/html/src/vendor/codeigniter/framework/system/libraries/Session/Session.php 137
ERROR - 2025-11-11 02:58:19 --> Severity: Warning --> session_start(): Failed to decode session object. Session has been destroyed /var/www/html/src/vendor/codeigniter/framework/system/libraries/Session/Session.php 137
ERROR - 2025-11-11 03:19:16 --> Severity: Warning --> session_start(): Failed to decode session object. Session has been destroyed /var/www/html/src/vendor/codeigniter/framework/system/libraries/Session/Session.php 137
ERROR - 2025-11-11 03:19:16 --> Severity: Warning --> session_destroy(): Trying to destroy uninitialized session /var/www/html/src/vendor/codeigniter/framework/system/libraries/Session/Session.php 751
ERROR - 2025-11-11 03:19:27 --> Severity: Warning --> session_start(): Failed to decode session object. Session has been destroyed /var/www/html/src/vendor/codeigniter/framework/system/libraries/Session/Session.php 137
ERROR - 2025-11-11 03:19:27 --> Severity: Warning --> session_destroy(): Trying to destroy uninitialized session /var/www/html/src/vendor/codeigniter/framework/system/libraries/Session/Session.php 751
ERROR - 2025-11-11 03:19:51 --> Severity: Warning --> session_start(): Failed to decode session object. Session has been destroyed /var/www/html/src/vendor/codeigniter/framework/system/libraries/Session/Session.php 137
ERROR - 2025-11-11 03:19:57 --> Severity: Warning --> session_start(): Failed to decode session object. Session has been destroyed /var/www/html/src/vendor/codeigniter/framework/system/libraries/Session/Session.php 137
ERROR - 2025-11-11 03:20:13 --> Severity: Warning --> session_start(): Failed to decode session object. Session has been destroyed /var/www/html/src/vendor/codeigniter/framework/system/libraries/Session/Session.php 137
ERROR - 2025-11-11 03:20:19 --> Severity: Warning --> session_start(): Failed to decode session object. Session has been destroyed /var/www/html/src/vendor/codeigniter/framework/system/libraries/Session/Session.php 137
ERROR - 2025-11-11 03:21:20 --> Severity: Warning --> session_start(): Failed to decode session object. Session has been destroyed /var/www/html/src/vendor/codeigniter/framework/system/libraries/Session/Session.php 137
ERROR - 2025-11-11 03:23:34 --> Severity: Warning --> session_start(): Failed to decode session object. Session has been destroyed /var/www/html/src/vendor/codeigniter/framework/system/libraries/Session/Session.php 137
ERROR - 2025-11-11 03:23:35 --> Severity: Warning --> session_start(): Failed to decode session object. Session has been destroyed /var/www/html/src/vendor/codeigniter/framework/system/libraries/Session/Session.php 137
ERROR - 2025-11-11 03:23:38 --> Severity: Warning --> session_start(): Failed to decode session object. Session has been destroyed /var/www/html/src/vendor/codeigniter/framework/system/libraries/Session/Session.php 137
ERROR - 2025-11-11 03:23:46 --> Severity: Warning --> session_start(): Failed to decode session object. Session has been destroyed /var/www/html/src/vendor/codeigniter/framework/system/libraries/Session/Session.php 137
ERROR - 2025-11-11 03:23:53 --> Severity: Warning --> session_start(): Failed to decode session object. Session has been destroyed /var/www/html/src/vendor/codeigniter/framework/system/libraries/Session/Session.php 137
ERROR - 2025-11-11 03:24:17 --> Severity: Warning --> session_start(): Failed to decode session object. Session has been destroyed /var/www/html/src/vendor/codeigniter/framework/system/libraries/Session/Session.php 137
ERROR - 2025-11-11 03:24:23 --> Severity: Warning --> session_start(): Failed to decode session object. Session has been destroyed /var/www/html/src/vendor/codeigniter/framework/system/libraries/Session/Session.php 137
ERROR - 2025-11-11 03:24:27 --> Severity: Warning --> session_start(): Failed to decode session object. Session has been destroyed /var/www/html/src/vendor/codeigniter/framework/system/libraries/Session/Session.php 137
ERROR - 2025-11-11 03:24:29 --> Severity: Warning --> session_start(): Failed to decode session object. Session has been destroyed /var/www/html/src/vendor/codeigniter/framework/system/libraries/Session/Session.php 137
ERROR - 2025-11-11 03:24:43 --> Severity: Warning --> session_start(): Failed to decode session object. Session has been destroyed /var/www/html/src/vendor/codeigniter/framework/system/libraries/Session/Session.php 137
ERROR - 2025-11-11 03:25:02 --> Severity: Warning --> session_start(): Failed to decode session object. Session has been destroyed /var/www/html/src/vendor/codeigniter/framework/system/libraries/Session/Session.php 137
ERROR - 2025-11-11 03:25:08 --> Severity: Warning --> session_start(): Failed to decode session object. Session has been destroyed /var/www/html/src/vendor/codeigniter/framework/system/libraries/Session/Session.php 137
ERROR - 2025-11-11 03:25:11 --> Severity: Warning --> session_start(): Failed to decode session object. Session has been destroyed /var/www/html/src/vendor/codeigniter/framework/system/libraries/Session/Session.php 137
ERROR - 2025-11-11 03:25:18 --> Severity: Warning --> session_start(): Failed to decode session object. Session has been destroyed /var/www/html/src/vendor/codeigniter/framework/system/libraries/Session/Session.php 137
ERROR - 2025-11-11 03:25:23 --> Severity: Warning --> session_start(): Failed to decode session object. Session has been destroyed /var/www/html/src/vendor/codeigniter/framework/system/libraries/Session/Session.php 137
ERROR - 2025-11-11 03:25:26 --> Severity: Warning --> session_start(): Failed to decode session object. Session has been destroyed /var/www/html/src/vendor/codeigniter/framework/system/libraries/Session/Session.php 137
ERROR - 2025-11-11 03:27:38 --> Severity: Warning --> session_start(): Failed to decode session object. Session has been destroyed /var/www/html/src/vendor/codeigniter/framework/system/libraries/Session/Session.php 137
ERROR - 2025-11-11 03:27:46 --> Severity: Warning --> session_start(): Failed to decode session object. Session has been destroyed /var/www/html/src/vendor/codeigniter/framework/system/libraries/Session/Session.php 137
ERROR - 2025-11-11 03:27:51 --> Severity: Warning --> session_start(): Failed to decode session object. Session has been destroyed /var/www/html/src/vendor/codeigniter/framework/system/libraries/Session/Session.php 137
ERROR - 2025-11-11 03:27:56 --> 404 Page Not Found: Well-known/appspecific
ERROR - 2025-11-11 03:27:58 --> Severity: Warning --> session_start(): Failed to decode session object. Session has been destroyed /var/www/html/src/vendor/codeigniter/framework/system/libraries/Session/Session.php 137
ERROR - 2025-11-11 03:28:06 --> Severity: Warning --> session_start(): Failed to decode session object. Session has been destroyed /var/www/html/src/vendor/codeigniter/framework/system/libraries/Session/Session.php 137
ERROR - 2025-11-11 03:28:14 --> Severity: Warning --> session_start(): Failed to decode session object. Session has been destroyed /var/www/html/src/vendor/codeigniter/framework/system/libraries/Session/Session.php 137
ERROR - 2025-11-11 03:28:20 --> Severity: Warning --> session_start(): Failed to decode session object. Session has been destroyed /var/www/html/src/vendor/codeigniter/framework/system/libraries/Session/Session.php 137
ERROR - 2025-11-11 03:28:32 --> Severity: Warning --> session_start(): Failed to decode session object. Session has been destroyed /var/www/html/src/vendor/codeigniter/framework/system/libraries/Session/Session.php 137
ERROR - 2025-11-11 03:28:34 --> Severity: Warning --> session_start(): Failed to decode session object. Session has been destroyed /var/www/html/src/vendor/codeigniter/framework/system/libraries/Session/Session.php 137
ERROR - 2025-11-11 03:28:35 --> Severity: Warning --> session_start(): Failed to decode session object. Session has been destroyed /var/www/html/src/vendor/codeigniter/framework/system/libraries/Session/Session.php 137
ERROR - 2025-11-11 03:37:59 --> Severity: Warning --> session_start(): Failed to decode session object. Session has been destroyed /var/www/html/src/vendor/codeigniter/framework/system/libraries/Session/Session.php 137
ERROR - 2025-11-11 03:38:02 --> Severity: Warning --> session_start(): Failed to decode session object. Session has been destroyed /var/www/html/src/vendor/codeigniter/framework/system/libraries/Session/Session.php 137
ERROR - 2025-11-11 03:38:04 --> Severity: Warning --> session_start(): Failed to decode session object. Session has been destroyed /var/www/html/src/vendor/codeigniter/framework/system/libraries/Session/Session.php 137
ERROR - 2025-11-11 03:38:22 --> Severity: Warning --> session_start(): Failed to decode session object. Session has been destroyed /var/www/html/src/vendor/codeigniter/framework/system/libraries/Session/Session.php 137
ERROR - 2025-11-11 03:38:23 --> Severity: Warning --> session_start(): Failed to decode session object. Session has been destroyed /var/www/html/src/vendor/codeigniter/framework/system/libraries/Session/Session.php 137
ERROR - 2025-11-11 03:38:43 --> Severity: Warning --> session_start(): Failed to decode session object. Session has been destroyed /var/www/html/src/vendor/codeigniter/framework/system/libraries/Session/Session.php 137
ERROR - 2025-11-11 03:38:43 --> Severity: Warning --> session_start(): Failed to decode session object. Session has been destroyed /var/www/html/src/vendor/codeigniter/framework/system/libraries/Session/Session.php 137
ERROR - 2025-11-11 03:44:35 --> Severity: Warning --> session_start(): Failed to decode session object. Session has been destroyed /var/www/html/src/vendor/codeigniter/framework/system/libraries/Session/Session.php 137
ERROR - 2025-11-11 03:45:56 --> Severity: Warning --> session_start(): Failed to decode session object. Session has been destroyed /var/www/html/src/vendor/codeigniter/framework/system/libraries/Session/Session.php 137
ERROR - 2025-11-11 03:46:18 --> Severity: Warning --> session_start(): Failed to decode session object. Session has been destroyed /var/www/html/src/vendor/codeigniter/framework/system/libraries/Session/Session.php 137
ERROR - 2025-11-11 03:46:21 --> Severity: Warning --> session_start(): Failed to decode session object. Session has been destroyed /var/www/html/src/vendor/codeigniter/framework/system/libraries/Session/Session.php 137
ERROR - 2025-11-11 03:46:26 --> Severity: Warning --> session_start(): Failed to decode session object. Session has been destroyed /var/www/html/src/vendor/codeigniter/framework/system/libraries/Session/Session.php 137
ERROR - 2025-11-11 03:46:36 --> Severity: Warning --> session_start(): Failed to decode session object. Session has been destroyed /var/www/html/src/vendor/codeigniter/framework/system/libraries/Session/Session.php 137
ERROR - 2025-11-11 03:46:47 --> Severity: Warning --> session_start(): Failed to decode session object. Session has been destroyed /var/www/html/src/vendor/codeigniter/framework/system/libraries/Session/Session.php 137
ERROR - 2025-11-11 03:49:31 --> Severity: Warning --> session_start(): Failed to decode session object. Session has been destroyed /var/www/html/src/vendor/codeigniter/framework/system/libraries/Session/Session.php 137
ERROR - 2025-11-11 03:49:44 --> Severity: Warning --> session_start(): Failed to decode session object. Session has been destroyed /var/www/html/src/vendor/codeigniter/framework/system/libraries/Session/Session.php 137
ERROR - 2025-11-11 03:49:56 --> Severity: Warning --> session_start(): Failed to decode session object. Session has been destroyed /var/www/html/src/vendor/codeigniter/framework/system/libraries/Session/Session.php 137
ERROR - 2025-11-11 03:50:05 --> Severity: Warning --> session_start(): Failed to decode session object. Session has been destroyed /var/www/html/src/vendor/codeigniter/framework/system/libraries/Session/Session.php 137
ERROR - 2025-11-11 03:51:18 --> Severity: Warning --> session_start(): Failed to decode session object. Session has been destroyed /var/www/html/src/vendor/codeigniter/framework/system/libraries/Session/Session.php 137
ERROR - 2025-11-11 03:51:28 --> Severity: Warning --> session_start(): Failed to decode session object. Session has been destroyed /var/www/html/src/vendor/codeigniter/framework/system/libraries/Session/Session.php 137
ERROR - 2025-11-11 03:51:37 --> Severity: Warning --> session_start(): Failed to decode session object. Session has been destroyed /var/www/html/src/vendor/codeigniter/framework/system/libraries/Session/Session.php 137
ERROR - 2025-11-11 03:51:42 --> Severity: Warning --> session_start(): Failed to decode session object. Session has been destroyed /var/www/html/src/vendor/codeigniter/framework/system/libraries/Session/Session.php 137
ERROR - 2025-11-11 03:51:48 --> Severity: Warning --> session_start(): Failed to decode session object. Session has been destroyed /var/www/html/src/vendor/codeigniter/framework/system/libraries/Session/Session.php 137
ERROR - 2025-11-11 03:51:49 --> Severity: Warning --> session_start(): Failed to decode session object. Session has been destroyed /var/www/html/src/vendor/codeigniter/framework/system/libraries/Session/Session.php 137
ERROR - 2025-11-11 03:51:54 --> Severity: Warning --> session_start(): Failed to decode session object. Session has been destroyed /var/www/html/src/vendor/codeigniter/framework/system/libraries/Session/Session.php 137
ERROR - 2025-11-11 03:51:57 --> Severity: Warning --> session_start(): Failed to decode session object. Session has been destroyed /var/www/html/src/vendor/codeigniter/framework/system/libraries/Session/Session.php 137
ERROR - 2025-11-11 03:58:43 --> Severity: Warning --> session_start(): Failed to decode session object. Session has been destroyed /var/www/html/src/vendor/codeigniter/framework/system/libraries/Session/Session.php 137
ERROR - 2025-11-11 03:58:46 --> Severity: Warning --> session_start(): Failed to decode session object. Session has been destroyed /var/www/html/src/vendor/codeigniter/framework/system/libraries/Session/Session.php 137
ERROR - 2025-11-11 14:11:22 --> Severity: Warning --> pg_query(): Query failed: ERROR:  column &quot;timestamp&quot; is of type timestamp without time zone but expression is of type integer
LINE 1: ...'pof9ngbfmiek8nkupsvpusqvksho355n', '172.19.0.1', 1762845082...
                                                             ^
HINT:  You will need to rewrite or cast the expression. /var/www/html/src/vendor/codeigniter/framework/system/database/drivers/postgre/postgre_driver.php 234
ERROR - 2025-11-11 14:11:22 --> Query error: ERROR:  column "timestamp" is of type timestamp without time zone but expression is of type integer
LINE 1: ...'pof9ngbfmiek8nkupsvpusqvksho355n', '172.19.0.1', 1762845082...
                                                             ^
HINT:  You will need to rewrite or cast the expression. - Invalid query: INSERT INTO "ci_sessions" ("id", "ip_address", "timestamp", "data") VALUES ('pof9ngbfmiek8nkupsvpusqvksho355n', '172.19.0.1', 1762845082, 'X19jaV9sYXN0X3JlZ2VuZXJhdGV8aToxNzYyODQ1MDgxOw==')
ERROR - 2025-11-11 14:11:22 --> Severity: Warning --> Cannot modify header information - headers already sent by (output started at /var/www/html/src/vendor/codeigniter/framework/system/core/Output.php:543) /var/www/html/src/vendor/codeigniter/framework/system/core/Common.php 571
ERROR - 2025-11-11 14:11:30 --> Severity: Warning --> pg_query(): Query failed: ERROR:  column &quot;timestamp&quot; is of type timestamp without time zone but expression is of type integer
LINE 1: ...'dqffu8ncl58d2oaka59qje5kscs16gem', '172.19.0.1', 1762845090...
                                                             ^
HINT:  You will need to rewrite or cast the expression. /var/www/html/src/vendor/codeigniter/framework/system/database/drivers/postgre/postgre_driver.php 234
ERROR - 2025-11-11 14:11:30 --> Query error: ERROR:  column "timestamp" is of type timestamp without time zone but expression is of type integer
LINE 1: ...'dqffu8ncl58d2oaka59qje5kscs16gem', '172.19.0.1', 1762845090...
                                                             ^
HINT:  You will need to rewrite or cast the expression. - Invalid query: INSERT INTO "ci_sessions" ("id", "ip_address", "timestamp", "data") VALUES ('dqffu8ncl58d2oaka59qje5kscs16gem', '172.19.0.1', 1762845090, 'X19jaV9sYXN0X3JlZ2VuZXJhdGV8aToxNzYyODQ1MDg5Ow==')
ERROR - 2025-11-11 14:11:31 --> Severity: Warning --> pg_query(): Query failed: ERROR:  column &quot;timestamp&quot; is of type timestamp without time zone but expression is of type integer
LINE 1: ...'67aedhn94kfmfleb2ufa8linb380j8rl', '172.19.0.1', 1762845091...
                                                             ^
HINT:  You will need to rewrite or cast the expression. /var/www/html/src/vendor/codeigniter/framework/system/database/drivers/postgre/postgre_driver.php 234
ERROR - 2025-11-11 14:11:31 --> Query error: ERROR:  column "timestamp" is of type timestamp without time zone but expression is of type integer
LINE 1: ...'67aedhn94kfmfleb2ufa8linb380j8rl', '172.19.0.1', 1762845091...
                                                             ^
HINT:  You will need to rewrite or cast the expression. - Invalid query: INSERT INTO "ci_sessions" ("id", "ip_address", "timestamp", "data") VALUES ('67aedhn94kfmfleb2ufa8linb380j8rl', '172.19.0.1', 1762845091, 'X19jaV9sYXN0X3JlZ2VuZXJhdGV8aToxNzYyODQ1MDkxOw==')
ERROR - 2025-11-11 05:24:51 --> 404 Page Not Found: Well-known/appspecific
ERROR - 2025-11-11 05:25:29 --> 404 Page Not Found: Well-known/appspecific
ERROR - 2025-11-11 05:25:37 --> 404 Page Not Found: Well-known/appspecific
ERROR - 2025-11-11 23:54:17 --> Severity: Compile Error --> Cannot redeclare Data_center::get_last_staff_activity() /var/www/html/src/application/controllers/Data_center.php 745
