ERROR - 2021-12-10 10:41:36 --> Severity: Warning --> pg_connect(): Unable to connect to PostgreSQL server: could not connect to server: Connection refused
	Is the server running on host &quot;localhost&quot; (127.0.0.1) and accepting
	TCP/IP connections on port 5432?
could not connect to server: Cannot assign requested address
	Is the server running on host &quot;localhost&quot; (::1) and accepting
	TCP/IP connections on port 5432? /htdocs/visitor-management/system/database/drivers/postgre/postgre_driver.php 154
ERROR - 2021-12-10 10:41:36 --> Unable to connect to the database
ERROR - 2021-12-10 10:41:36 --> Severity: Warning --> Redis::connect(): connect() failed: Cannot assign requested address /htdocs/visitor-management/system/libraries/Session/drivers/Session_redis_driver.php 138
ERROR - 2021-12-10 10:41:36 --> Session: Unable to connect to Redis with the configured settings.
ERROR - 2021-12-10 10:41:36 --> Severity: Warning --> ini_set(): A session is active. You cannot change the session module's ini settings at this time /htdocs/visitor-management/system/libraries/Session/Session_driver.php 205
ERROR - 2021-12-10 10:41:36 --> Severity: Warning --> session_start(): Failed to initialize storage module: user (path: /tmp) /htdocs/visitor-management/system/libraries/Session/Session.php 143
ERROR - 2021-12-10 10:41:36 --> Severity: Warning --> pg_connect(): Unable to connect to PostgreSQL server: could not connect to server: Connection refused
	Is the server running on host &quot;localhost&quot; (127.0.0.1) and accepting
	TCP/IP connections on port 5432?
could not connect to server: Cannot assign requested address
	Is the server running on host &quot;localhost&quot; (::1) and accepting
	TCP/IP connections on port 5432? /htdocs/visitor-management/system/database/drivers/postgre/postgre_driver.php 154
ERROR - 2021-12-10 10:41:36 --> Unable to connect to the database
ERROR - 2021-12-10 10:41:36 --> Severity: Warning --> Redis::connect(): connect() failed: Cannot assign requested address /htdocs/visitor-management/system/libraries/Session/drivers/Session_redis_driver.php 138
ERROR - 2021-12-10 10:41:36 --> Session: Unable to connect to Redis with the configured settings.
ERROR - 2021-12-10 10:41:36 --> Severity: Warning --> ini_set(): A session is active. You cannot change the session module's ini settings at this time /htdocs/visitor-management/system/libraries/Session/Session_driver.php 205
ERROR - 2021-12-10 10:41:36 --> Severity: Warning --> session_start(): Failed to initialize storage module: user (path: /tmp) /htdocs/visitor-management/system/libraries/Session/Session.php 143
ERROR - 2021-12-10 10:42:41 --> Severity: Warning --> pg_connect(): Unable to connect to PostgreSQL server: could not connect to server: Connection refused
	Is the server running on host &quot;localhost&quot; (127.0.0.1) and accepting
	TCP/IP connections on port 5432?
could not connect to server: Cannot assign requested address
	Is the server running on host &quot;localhost&quot; (::1) and accepting
	TCP/IP connections on port 5432? /htdocs/visitor-management/system/database/drivers/postgre/postgre_driver.php 154
ERROR - 2021-12-10 10:42:41 --> Unable to connect to the database
ERROR - 2021-12-10 10:42:41 --> Severity: Warning --> Redis::connect(): connect() failed: Cannot assign requested address /htdocs/visitor-management/system/libraries/Session/drivers/Session_redis_driver.php 138
ERROR - 2021-12-10 10:42:41 --> Session: Unable to connect to Redis with the configured settings.
ERROR - 2021-12-10 10:42:41 --> Severity: Warning --> ini_set(): A session is active. You cannot change the session module's ini settings at this time /htdocs/visitor-management/system/libraries/Session/Session_driver.php 205
ERROR - 2021-12-10 10:42:41 --> Severity: Warning --> session_start(): Failed to initialize storage module: user (path: /tmp) /htdocs/visitor-management/system/libraries/Session/Session.php 143
ERROR - 2021-12-10 10:43:33 --> Severity: Warning --> pg_connect(): Unable to connect to PostgreSQL server: could not connect to server: Connection refused
	Is the server running on host &quot;localhost&quot; (127.0.0.1) and accepting
	TCP/IP connections on port 5432?
could not connect to server: Cannot assign requested address
	Is the server running on host &quot;localhost&quot; (::1) and accepting
	TCP/IP connections on port 5432? /htdocs/visitor-management/system/database/drivers/postgre/postgre_driver.php 154
ERROR - 2021-12-10 10:43:33 --> Unable to connect to the database
ERROR - 2021-12-10 10:43:33 --> Severity: Warning --> Redis::connect(): connect() failed: Cannot assign requested address /htdocs/visitor-management/system/libraries/Session/drivers/Session_redis_driver.php 138
ERROR - 2021-12-10 10:43:33 --> Session: Unable to connect to Redis with the configured settings.
ERROR - 2021-12-10 10:43:33 --> Severity: Warning --> ini_set(): A session is active. You cannot change the session module's ini settings at this time /htdocs/visitor-management/system/libraries/Session/Session_driver.php 205
ERROR - 2021-12-10 10:43:33 --> Severity: Warning --> session_start(): Failed to initialize storage module: user (path: /tmp) /htdocs/visitor-management/system/libraries/Session/Session.php 143
ERROR - 2021-12-10 10:43:33 --> Severity: Warning --> pg_escape_literal() expects parameter 1 to be resource, bool given /htdocs/visitor-management/system/database/drivers/postgre/postgre_driver.php 326
ERROR - 2021-12-10 10:43:33 --> Severity: Warning --> pg_connect(): Unable to connect to PostgreSQL server: could not connect to server: Connection refused
	Is the server running on host &quot;localhost&quot; (127.0.0.1) and accepting
	TCP/IP connections on port 5432?
could not connect to server: Cannot assign requested address
	Is the server running on host &quot;localhost&quot; (::1) and accepting
	TCP/IP connections on port 5432? /htdocs/visitor-management/system/database/drivers/postgre/postgre_driver.php 154
ERROR - 2021-12-10 10:43:33 --> Unable to connect to the database
ERROR - 2021-12-10 10:43:33 --> Severity: Warning --> pg_last_error() expects parameter 1 to be resource, bool given /htdocs/visitor-management/system/database/drivers/postgre/postgre_driver.php 479
ERROR - 2021-12-10 10:43:33 --> Query error:  - Invalid query: SELECT *
FROM "user_loket"
WHERE "username" =
AND "role" = 4
 LIMIT 1
ERROR - 2021-12-10 10:43:33 --> Severity: Warning --> pg_connect(): Unable to connect to PostgreSQL server: could not connect to server: Connection refused
	Is the server running on host &quot;localhost&quot; (127.0.0.1) and accepting
	TCP/IP connections on port 5432?
could not connect to server: Cannot assign requested address
	Is the server running on host &quot;localhost&quot; (::1) and accepting
	TCP/IP connections on port 5432? /htdocs/visitor-management/system/database/drivers/postgre/postgre_driver.php 154
ERROR - 2021-12-10 10:43:33 --> Unable to connect to the database
ERROR - 2021-12-10 10:43:33 --> Severity: Warning --> Redis::connect(): connect() failed: Cannot assign requested address /htdocs/visitor-management/system/libraries/Session/drivers/Session_redis_driver.php 138
ERROR - 2021-12-10 10:43:33 --> Session: Unable to connect to Redis with the configured settings.
ERROR - 2021-12-10 10:43:33 --> Severity: Warning --> ini_set(): A session is active. You cannot change the session module's ini settings at this time /htdocs/visitor-management/system/libraries/Session/Session_driver.php 205
ERROR - 2021-12-10 10:43:33 --> Severity: Warning --> session_start(): Failed to initialize storage module: user (path: /tmp) /htdocs/visitor-management/system/libraries/Session/Session.php 143
ERROR - 2021-12-10 10:43:38 --> Severity: Warning --> pg_connect(): Unable to connect to PostgreSQL server: could not connect to server: Connection refused
	Is the server running on host &quot;localhost&quot; (127.0.0.1) and accepting
	TCP/IP connections on port 5432?
could not connect to server: Cannot assign requested address
	Is the server running on host &quot;localhost&quot; (::1) and accepting
	TCP/IP connections on port 5432? /htdocs/visitor-management/system/database/drivers/postgre/postgre_driver.php 154
ERROR - 2021-12-10 10:43:38 --> Unable to connect to the database
ERROR - 2021-12-10 10:43:38 --> Severity: Warning --> Redis::connect(): connect() failed: Cannot assign requested address /htdocs/visitor-management/system/libraries/Session/drivers/Session_redis_driver.php 138
ERROR - 2021-12-10 10:43:38 --> Session: Unable to connect to Redis with the configured settings.
ERROR - 2021-12-10 10:43:38 --> Severity: Warning --> ini_set(): A session is active. You cannot change the session module's ini settings at this time /htdocs/visitor-management/system/libraries/Session/Session_driver.php 205
ERROR - 2021-12-10 10:43:38 --> Severity: Warning --> session_start(): Failed to initialize storage module: user (path: /tmp) /htdocs/visitor-management/system/libraries/Session/Session.php 143
ERROR - 2021-12-10 10:43:38 --> Severity: Warning --> pg_escape_literal() expects parameter 1 to be resource, bool given /htdocs/visitor-management/system/database/drivers/postgre/postgre_driver.php 326
ERROR - 2021-12-10 10:43:38 --> Severity: Warning --> pg_connect(): Unable to connect to PostgreSQL server: could not connect to server: Connection refused
	Is the server running on host &quot;localhost&quot; (127.0.0.1) and accepting
	TCP/IP connections on port 5432?
could not connect to server: Cannot assign requested address
	Is the server running on host &quot;localhost&quot; (::1) and accepting
	TCP/IP connections on port 5432? /htdocs/visitor-management/system/database/drivers/postgre/postgre_driver.php 154
ERROR - 2021-12-10 10:43:38 --> Unable to connect to the database
ERROR - 2021-12-10 10:43:38 --> Severity: Warning --> pg_last_error() expects parameter 1 to be resource, bool given /htdocs/visitor-management/system/database/drivers/postgre/postgre_driver.php 479
ERROR - 2021-12-10 10:43:38 --> Query error:  - Invalid query: SELECT *
FROM "user_loket"
WHERE "username" =
AND "role" = 4
 LIMIT 1
ERROR - 2021-12-10 10:43:38 --> Severity: Warning --> pg_connect(): Unable to connect to PostgreSQL server: could not connect to server: Connection refused
	Is the server running on host &quot;localhost&quot; (127.0.0.1) and accepting
	TCP/IP connections on port 5432?
could not connect to server: Cannot assign requested address
	Is the server running on host &quot;localhost&quot; (::1) and accepting
	TCP/IP connections on port 5432? /htdocs/visitor-management/system/database/drivers/postgre/postgre_driver.php 154
ERROR - 2021-12-10 10:43:38 --> Unable to connect to the database
ERROR - 2021-12-10 10:43:38 --> Severity: Warning --> Redis::connect(): connect() failed: Cannot assign requested address /htdocs/visitor-management/system/libraries/Session/drivers/Session_redis_driver.php 138
ERROR - 2021-12-10 10:43:38 --> Session: Unable to connect to Redis with the configured settings.
ERROR - 2021-12-10 10:43:38 --> Severity: Warning --> ini_set(): A session is active. You cannot change the session module's ini settings at this time /htdocs/visitor-management/system/libraries/Session/Session_driver.php 205
ERROR - 2021-12-10 10:43:38 --> Severity: Warning --> session_start(): Failed to initialize storage module: user (path: /tmp) /htdocs/visitor-management/system/libraries/Session/Session.php 143
ERROR - 2021-12-10 10:43:42 --> Severity: Warning --> pg_connect(): Unable to connect to PostgreSQL server: could not connect to server: Connection refused
	Is the server running on host &quot;localhost&quot; (127.0.0.1) and accepting
	TCP/IP connections on port 5432?
could not connect to server: Cannot assign requested address
	Is the server running on host &quot;localhost&quot; (::1) and accepting
	TCP/IP connections on port 5432? /htdocs/visitor-management/system/database/drivers/postgre/postgre_driver.php 154
ERROR - 2021-12-10 10:43:42 --> Unable to connect to the database
ERROR - 2021-12-10 10:43:42 --> Severity: Warning --> Redis::connect(): connect() failed: Cannot assign requested address /htdocs/visitor-management/system/libraries/Session/drivers/Session_redis_driver.php 138
ERROR - 2021-12-10 10:43:42 --> Session: Unable to connect to Redis with the configured settings.
ERROR - 2021-12-10 10:43:42 --> Severity: Warning --> ini_set(): A session is active. You cannot change the session module's ini settings at this time /htdocs/visitor-management/system/libraries/Session/Session_driver.php 205
ERROR - 2021-12-10 10:43:42 --> Severity: Warning --> session_start(): Failed to initialize storage module: user (path: /tmp) /htdocs/visitor-management/system/libraries/Session/Session.php 143
ERROR - 2021-12-10 10:43:42 --> Severity: Warning --> pg_escape_literal() expects parameter 1 to be resource, bool given /htdocs/visitor-management/system/database/drivers/postgre/postgre_driver.php 326
ERROR - 2021-12-10 10:43:42 --> Severity: Warning --> pg_connect(): Unable to connect to PostgreSQL server: could not connect to server: Connection refused
	Is the server running on host &quot;localhost&quot; (127.0.0.1) and accepting
	TCP/IP connections on port 5432?
could not connect to server: Cannot assign requested address
	Is the server running on host &quot;localhost&quot; (::1) and accepting
	TCP/IP connections on port 5432? /htdocs/visitor-management/system/database/drivers/postgre/postgre_driver.php 154
ERROR - 2021-12-10 10:43:42 --> Unable to connect to the database
ERROR - 2021-12-10 10:43:42 --> Severity: Warning --> pg_last_error() expects parameter 1 to be resource, bool given /htdocs/visitor-management/system/database/drivers/postgre/postgre_driver.php 479
ERROR - 2021-12-10 10:43:42 --> Query error:  - Invalid query: SELECT *
FROM "user_loket"
WHERE "username" =
AND "role" = 4
 LIMIT 1
ERROR - 2021-12-10 10:43:42 --> Severity: Warning --> pg_connect(): Unable to connect to PostgreSQL server: could not connect to server: Connection refused
	Is the server running on host &quot;localhost&quot; (127.0.0.1) and accepting
	TCP/IP connections on port 5432?
could not connect to server: Cannot assign requested address
	Is the server running on host &quot;localhost&quot; (::1) and accepting
	TCP/IP connections on port 5432? /htdocs/visitor-management/system/database/drivers/postgre/postgre_driver.php 154
ERROR - 2021-12-10 10:43:42 --> Unable to connect to the database
ERROR - 2021-12-10 10:43:42 --> Severity: Warning --> Redis::connect(): connect() failed: Cannot assign requested address /htdocs/visitor-management/system/libraries/Session/drivers/Session_redis_driver.php 138
ERROR - 2021-12-10 10:43:42 --> Session: Unable to connect to Redis with the configured settings.
ERROR - 2021-12-10 10:43:42 --> Severity: Warning --> ini_set(): A session is active. You cannot change the session module's ini settings at this time /htdocs/visitor-management/system/libraries/Session/Session_driver.php 205
ERROR - 2021-12-10 10:43:42 --> Severity: Warning --> session_start(): Failed to initialize storage module: user (path: /tmp) /htdocs/visitor-management/system/libraries/Session/Session.php 143
ERROR - 2021-12-10 10:43:53 --> Severity: Warning --> pg_connect(): Unable to connect to PostgreSQL server: could not connect to server: Connection refused
	Is the server running on host &quot;localhost&quot; (127.0.0.1) and accepting
	TCP/IP connections on port 5432?
could not connect to server: Cannot assign requested address
	Is the server running on host &quot;localhost&quot; (::1) and accepting
	TCP/IP connections on port 5432? /htdocs/visitor-management/system/database/drivers/postgre/postgre_driver.php 154
ERROR - 2021-12-10 10:43:53 --> Unable to connect to the database
ERROR - 2021-12-10 10:43:53 --> Severity: Warning --> Redis::connect(): connect() failed: Cannot assign requested address /htdocs/visitor-management/system/libraries/Session/drivers/Session_redis_driver.php 138
ERROR - 2021-12-10 10:43:53 --> Session: Unable to connect to Redis with the configured settings.
ERROR - 2021-12-10 10:43:53 --> Severity: Warning --> ini_set(): A session is active. You cannot change the session module's ini settings at this time /htdocs/visitor-management/system/libraries/Session/Session_driver.php 205
ERROR - 2021-12-10 10:43:53 --> Severity: Warning --> session_start(): Failed to initialize storage module: user (path: /tmp) /htdocs/visitor-management/system/libraries/Session/Session.php 143
ERROR - 2021-12-10 10:43:53 --> Severity: Warning --> pg_escape_literal() expects parameter 1 to be resource, bool given /htdocs/visitor-management/system/database/drivers/postgre/postgre_driver.php 326
ERROR - 2021-12-10 10:43:53 --> Severity: Warning --> pg_connect(): Unable to connect to PostgreSQL server: could not connect to server: Connection refused
	Is the server running on host &quot;localhost&quot; (127.0.0.1) and accepting
	TCP/IP connections on port 5432?
could not connect to server: Cannot assign requested address
	Is the server running on host &quot;localhost&quot; (::1) and accepting
	TCP/IP connections on port 5432? /htdocs/visitor-management/system/database/drivers/postgre/postgre_driver.php 154
ERROR - 2021-12-10 10:43:53 --> Unable to connect to the database
ERROR - 2021-12-10 10:43:53 --> Severity: Warning --> pg_last_error() expects parameter 1 to be resource, bool given /htdocs/visitor-management/system/database/drivers/postgre/postgre_driver.php 479
ERROR - 2021-12-10 10:43:53 --> Query error:  - Invalid query: SELECT *
FROM "user_loket"
WHERE "username" =
AND "role" = 4
 LIMIT 1
ERROR - 2021-12-10 10:43:53 --> Severity: Warning --> pg_connect(): Unable to connect to PostgreSQL server: could not connect to server: Connection refused
	Is the server running on host &quot;localhost&quot; (127.0.0.1) and accepting
	TCP/IP connections on port 5432?
could not connect to server: Cannot assign requested address
	Is the server running on host &quot;localhost&quot; (::1) and accepting
	TCP/IP connections on port 5432? /htdocs/visitor-management/system/database/drivers/postgre/postgre_driver.php 154
ERROR - 2021-12-10 10:43:53 --> Unable to connect to the database
ERROR - 2021-12-10 10:43:53 --> Severity: Warning --> Redis::connect(): connect() failed: Cannot assign requested address /htdocs/visitor-management/system/libraries/Session/drivers/Session_redis_driver.php 138
ERROR - 2021-12-10 10:43:53 --> Session: Unable to connect to Redis with the configured settings.
ERROR - 2021-12-10 10:43:53 --> Severity: Warning --> ini_set(): A session is active. You cannot change the session module's ini settings at this time /htdocs/visitor-management/system/libraries/Session/Session_driver.php 205
ERROR - 2021-12-10 10:43:53 --> Severity: Warning --> session_start(): Failed to initialize storage module: user (path: /tmp) /htdocs/visitor-management/system/libraries/Session/Session.php 143
ERROR - 2021-12-10 10:44:22 --> Severity: Warning --> pg_connect(): Unable to connect to PostgreSQL server: could not connect to server: Connection refused
	Is the server running on host &quot;localhost&quot; (127.0.0.1) and accepting
	TCP/IP connections on port 5432?
could not connect to server: Cannot assign requested address
	Is the server running on host &quot;localhost&quot; (::1) and accepting
	TCP/IP connections on port 5432? /htdocs/visitor-management/system/database/drivers/postgre/postgre_driver.php 154
ERROR - 2021-12-10 10:44:22 --> Unable to connect to the database
ERROR - 2021-12-10 10:44:22 --> Severity: Warning --> Redis::connect(): connect() failed: Cannot assign requested address /htdocs/visitor-management/system/libraries/Session/drivers/Session_redis_driver.php 138
ERROR - 2021-12-10 10:44:22 --> Session: Unable to connect to Redis with the configured settings.
ERROR - 2021-12-10 10:44:22 --> Severity: Warning --> ini_set(): A session is active. You cannot change the session module's ini settings at this time /htdocs/visitor-management/system/libraries/Session/Session_driver.php 205
ERROR - 2021-12-10 10:44:22 --> Severity: Warning --> session_start(): Failed to initialize storage module: user (path: /tmp) /htdocs/visitor-management/system/libraries/Session/Session.php 143
ERROR - 2021-12-10 10:44:22 --> Severity: Warning --> pg_escape_literal() expects parameter 1 to be resource, bool given /htdocs/visitor-management/system/database/drivers/postgre/postgre_driver.php 326
ERROR - 2021-12-10 10:44:22 --> Severity: Warning --> pg_connect(): Unable to connect to PostgreSQL server: could not connect to server: Connection refused
	Is the server running on host &quot;localhost&quot; (127.0.0.1) and accepting
	TCP/IP connections on port 5432?
could not connect to server: Cannot assign requested address
	Is the server running on host &quot;localhost&quot; (::1) and accepting
	TCP/IP connections on port 5432? /htdocs/visitor-management/system/database/drivers/postgre/postgre_driver.php 154
ERROR - 2021-12-10 10:44:22 --> Unable to connect to the database
ERROR - 2021-12-10 10:44:22 --> Severity: Warning --> pg_last_error() expects parameter 1 to be resource, bool given /htdocs/visitor-management/system/database/drivers/postgre/postgre_driver.php 479
ERROR - 2021-12-10 10:44:22 --> Query error:  - Invalid query: SELECT *
FROM "user_loket"
WHERE "username" =
AND "role" = 4
 LIMIT 1
ERROR - 2021-12-10 10:44:22 --> Severity: Warning --> pg_connect(): Unable to connect to PostgreSQL server: could not connect to server: Connection refused
	Is the server running on host &quot;localhost&quot; (127.0.0.1) and accepting
	TCP/IP connections on port 5432?
could not connect to server: Cannot assign requested address
	Is the server running on host &quot;localhost&quot; (::1) and accepting
	TCP/IP connections on port 5432? /htdocs/visitor-management/system/database/drivers/postgre/postgre_driver.php 154
ERROR - 2021-12-10 10:44:22 --> Unable to connect to the database
ERROR - 2021-12-10 10:44:22 --> Severity: Warning --> Redis::connect(): connect() failed: Cannot assign requested address /htdocs/visitor-management/system/libraries/Session/drivers/Session_redis_driver.php 138
ERROR - 2021-12-10 10:44:22 --> Session: Unable to connect to Redis with the configured settings.
ERROR - 2021-12-10 10:44:22 --> Severity: Warning --> ini_set(): A session is active. You cannot change the session module's ini settings at this time /htdocs/visitor-management/system/libraries/Session/Session_driver.php 205
ERROR - 2021-12-10 10:44:22 --> Severity: Warning --> session_start(): Failed to initialize storage module: user (path: /tmp) /htdocs/visitor-management/system/libraries/Session/Session.php 143
ERROR - 2021-12-10 10:45:33 --> Severity: Warning --> pg_connect(): Unable to connect to PostgreSQL server: could not connect to server: Connection refused
	Is the server running on host &quot;localhost&quot; (127.0.0.1) and accepting
	TCP/IP connections on port 5432?
could not connect to server: Cannot assign requested address
	Is the server running on host &quot;localhost&quot; (::1) and accepting
	TCP/IP connections on port 5432? /htdocs/visitor-management/system/database/drivers/postgre/postgre_driver.php 154
ERROR - 2021-12-10 10:45:33 --> Unable to connect to the database
ERROR - 2021-12-10 10:45:33 --> Severity: Warning --> Redis::connect(): connect() failed: Cannot assign requested address /htdocs/visitor-management/system/libraries/Session/drivers/Session_redis_driver.php 138
ERROR - 2021-12-10 10:45:33 --> Session: Unable to connect to Redis with the configured settings.
ERROR - 2021-12-10 10:45:33 --> Severity: Warning --> ini_set(): A session is active. You cannot change the session module's ini settings at this time /htdocs/visitor-management/system/libraries/Session/Session_driver.php 205
ERROR - 2021-12-10 10:45:33 --> Severity: Warning --> session_start(): Failed to initialize storage module: user (path: /tmp) /htdocs/visitor-management/system/libraries/Session/Session.php 143
ERROR - 2021-12-10 10:45:33 --> Severity: Warning --> pg_escape_literal() expects parameter 1 to be resource, bool given /htdocs/visitor-management/system/database/drivers/postgre/postgre_driver.php 326
ERROR - 2021-12-10 10:45:33 --> Severity: Warning --> pg_connect(): Unable to connect to PostgreSQL server: could not connect to server: Connection refused
	Is the server running on host &quot;localhost&quot; (127.0.0.1) and accepting
	TCP/IP connections on port 5432?
could not connect to server: Cannot assign requested address
	Is the server running on host &quot;localhost&quot; (::1) and accepting
	TCP/IP connections on port 5432? /htdocs/visitor-management/system/database/drivers/postgre/postgre_driver.php 154
ERROR - 2021-12-10 10:45:33 --> Unable to connect to the database
ERROR - 2021-12-10 10:45:33 --> Severity: Warning --> pg_last_error() expects parameter 1 to be resource, bool given /htdocs/visitor-management/system/database/drivers/postgre/postgre_driver.php 479
ERROR - 2021-12-10 10:45:33 --> Query error:  - Invalid query: SELECT *
FROM "user_loket"
WHERE "username" =
AND "role" = 4
 LIMIT 1
ERROR - 2021-12-10 10:45:33 --> Severity: Warning --> pg_connect(): Unable to connect to PostgreSQL server: could not connect to server: Connection refused
	Is the server running on host &quot;localhost&quot; (127.0.0.1) and accepting
	TCP/IP connections on port 5432?
could not connect to server: Cannot assign requested address
	Is the server running on host &quot;localhost&quot; (::1) and accepting
	TCP/IP connections on port 5432? /htdocs/visitor-management/system/database/drivers/postgre/postgre_driver.php 154
ERROR - 2021-12-10 10:45:33 --> Unable to connect to the database
ERROR - 2021-12-10 10:45:34 --> Severity: Warning --> Redis::connect(): connect() failed: Cannot assign requested address /htdocs/visitor-management/system/libraries/Session/drivers/Session_redis_driver.php 138
ERROR - 2021-12-10 10:45:34 --> Session: Unable to connect to Redis with the configured settings.
ERROR - 2021-12-10 10:45:34 --> Severity: Warning --> ini_set(): A session is active. You cannot change the session module's ini settings at this time /htdocs/visitor-management/system/libraries/Session/Session_driver.php 205
ERROR - 2021-12-10 10:45:34 --> Severity: Warning --> session_start(): Failed to initialize storage module: user (path: /tmp) /htdocs/visitor-management/system/libraries/Session/Session.php 143
ERROR - 2021-12-10 10:45:42 --> Severity: Warning --> pg_connect(): Unable to connect to PostgreSQL server: could not connect to server: Connection refused
	Is the server running on host &quot;localhost&quot; (127.0.0.1) and accepting
	TCP/IP connections on port 5432?
could not connect to server: Cannot assign requested address
	Is the server running on host &quot;localhost&quot; (::1) and accepting
	TCP/IP connections on port 5432? /htdocs/visitor-management/system/database/drivers/postgre/postgre_driver.php 154
ERROR - 2021-12-10 10:45:42 --> Unable to connect to the database
ERROR - 2021-12-10 10:45:42 --> Severity: Warning --> Redis::connect(): connect() failed: Cannot assign requested address /htdocs/visitor-management/system/libraries/Session/drivers/Session_redis_driver.php 138
ERROR - 2021-12-10 10:45:42 --> Session: Unable to connect to Redis with the configured settings.
ERROR - 2021-12-10 10:45:42 --> Severity: Warning --> ini_set(): A session is active. You cannot change the session module's ini settings at this time /htdocs/visitor-management/system/libraries/Session/Session_driver.php 205
ERROR - 2021-12-10 10:45:42 --> Severity: Warning --> session_start(): Failed to initialize storage module: user (path: /tmp) /htdocs/visitor-management/system/libraries/Session/Session.php 143
ERROR - 2021-12-10 10:45:42 --> Severity: Warning --> pg_escape_literal() expects parameter 1 to be resource, bool given /htdocs/visitor-management/system/database/drivers/postgre/postgre_driver.php 326
ERROR - 2021-12-10 10:45:42 --> Severity: Warning --> pg_connect(): Unable to connect to PostgreSQL server: could not connect to server: Connection refused
	Is the server running on host &quot;localhost&quot; (127.0.0.1) and accepting
	TCP/IP connections on port 5432?
could not connect to server: Cannot assign requested address
	Is the server running on host &quot;localhost&quot; (::1) and accepting
	TCP/IP connections on port 5432? /htdocs/visitor-management/system/database/drivers/postgre/postgre_driver.php 154
ERROR - 2021-12-10 10:45:42 --> Unable to connect to the database
ERROR - 2021-12-10 10:45:42 --> Severity: Warning --> pg_last_error() expects parameter 1 to be resource, bool given /htdocs/visitor-management/system/database/drivers/postgre/postgre_driver.php 479
ERROR - 2021-12-10 10:45:42 --> Query error:  - Invalid query: SELECT *
FROM "user_loket"
WHERE "username" =
AND "role" = 4
 LIMIT 1
ERROR - 2021-12-10 10:45:42 --> Severity: Warning --> pg_connect(): Unable to connect to PostgreSQL server: could not connect to server: Connection refused
	Is the server running on host &quot;localhost&quot; (127.0.0.1) and accepting
	TCP/IP connections on port 5432?
could not connect to server: Cannot assign requested address
	Is the server running on host &quot;localhost&quot; (::1) and accepting
	TCP/IP connections on port 5432? /htdocs/visitor-management/system/database/drivers/postgre/postgre_driver.php 154
ERROR - 2021-12-10 10:45:42 --> Unable to connect to the database
ERROR - 2021-12-10 10:45:42 --> Severity: Warning --> Redis::connect(): connect() failed: Cannot assign requested address /htdocs/visitor-management/system/libraries/Session/drivers/Session_redis_driver.php 138
ERROR - 2021-12-10 10:45:42 --> Session: Unable to connect to Redis with the configured settings.
ERROR - 2021-12-10 10:45:42 --> Severity: Warning --> ini_set(): A session is active. You cannot change the session module's ini settings at this time /htdocs/visitor-management/system/libraries/Session/Session_driver.php 205
ERROR - 2021-12-10 10:45:42 --> Severity: Warning --> session_start(): Failed to initialize storage module: user (path: /tmp) /htdocs/visitor-management/system/libraries/Session/Session.php 143
ERROR - 2021-12-10 10:47:49 --> Severity: Warning --> pg_connect(): Unable to connect to PostgreSQL server: could not connect to server: Connection refused
	Is the server running on host &quot;localhost&quot; (127.0.0.1) and accepting
	TCP/IP connections on port 5432?
could not connect to server: Cannot assign requested address
	Is the server running on host &quot;localhost&quot; (::1) and accepting
	TCP/IP connections on port 5432? /htdocs/visitor-management/system/database/drivers/postgre/postgre_driver.php 154
ERROR - 2021-12-10 10:47:49 --> Unable to connect to the database
ERROR - 2021-12-10 10:47:49 --> Severity: Warning --> Redis::connect(): connect() failed: Cannot assign requested address /htdocs/visitor-management/system/libraries/Session/drivers/Session_redis_driver.php 138
ERROR - 2021-12-10 10:47:49 --> Session: Unable to connect to Redis with the configured settings.
ERROR - 2021-12-10 10:47:49 --> Severity: Warning --> ini_set(): A session is active. You cannot change the session module's ini settings at this time /htdocs/visitor-management/system/libraries/Session/Session_driver.php 205
ERROR - 2021-12-10 10:47:49 --> Severity: Warning --> session_start(): Failed to initialize storage module: user (path: /tmp) /htdocs/visitor-management/system/libraries/Session/Session.php 143
ERROR - 2021-12-10 10:47:49 --> Severity: Warning --> pg_escape_literal() expects parameter 1 to be resource, bool given /htdocs/visitor-management/system/database/drivers/postgre/postgre_driver.php 326
ERROR - 2021-12-10 10:47:49 --> Severity: Warning --> pg_connect(): Unable to connect to PostgreSQL server: could not connect to server: Connection refused
	Is the server running on host &quot;localhost&quot; (127.0.0.1) and accepting
	TCP/IP connections on port 5432?
could not connect to server: Cannot assign requested address
	Is the server running on host &quot;localhost&quot; (::1) and accepting
	TCP/IP connections on port 5432? /htdocs/visitor-management/system/database/drivers/postgre/postgre_driver.php 154
ERROR - 2021-12-10 10:47:49 --> Unable to connect to the database
ERROR - 2021-12-10 10:47:49 --> Severity: Warning --> pg_last_error() expects parameter 1 to be resource, bool given /htdocs/visitor-management/system/database/drivers/postgre/postgre_driver.php 479
ERROR - 2021-12-10 10:47:49 --> Query error:  - Invalid query: SELECT *
FROM "user_loket"
WHERE "username" =
AND "role" = 4
 LIMIT 1
ERROR - 2021-12-10 10:47:50 --> Severity: Warning --> pg_connect(): Unable to connect to PostgreSQL server: could not connect to server: Connection refused
	Is the server running on host &quot;localhost&quot; (127.0.0.1) and accepting
	TCP/IP connections on port 5432?
could not connect to server: Cannot assign requested address
	Is the server running on host &quot;localhost&quot; (::1) and accepting
	TCP/IP connections on port 5432? /htdocs/visitor-management/system/database/drivers/postgre/postgre_driver.php 154
ERROR - 2021-12-10 10:47:50 --> Unable to connect to the database
ERROR - 2021-12-10 10:47:50 --> Severity: Warning --> Redis::connect(): connect() failed: Cannot assign requested address /htdocs/visitor-management/system/libraries/Session/drivers/Session_redis_driver.php 138
ERROR - 2021-12-10 10:47:50 --> Session: Unable to connect to Redis with the configured settings.
ERROR - 2021-12-10 10:47:50 --> Severity: Warning --> ini_set(): A session is active. You cannot change the session module's ini settings at this time /htdocs/visitor-management/system/libraries/Session/Session_driver.php 205
ERROR - 2021-12-10 10:47:50 --> Severity: Warning --> session_start(): Failed to initialize storage module: user (path: /tmp) /htdocs/visitor-management/system/libraries/Session/Session.php 143
ERROR - 2021-12-10 10:48:16 --> Severity: Warning --> pg_connect(): Unable to connect to PostgreSQL server: could not connect to server: Connection refused
	Is the server running on host &quot;localhost&quot; (127.0.0.1) and accepting
	TCP/IP connections on port 5432?
could not connect to server: Cannot assign requested address
	Is the server running on host &quot;localhost&quot; (::1) and accepting
	TCP/IP connections on port 5432? /htdocs/visitor-management/system/database/drivers/postgre/postgre_driver.php 154
ERROR - 2021-12-10 10:48:16 --> Unable to connect to the database
ERROR - 2021-12-10 10:48:16 --> Severity: Warning --> Redis::connect(): connect() failed: Cannot assign requested address /htdocs/visitor-management/system/libraries/Session/drivers/Session_redis_driver.php 138
ERROR - 2021-12-10 10:48:16 --> Session: Unable to connect to Redis with the configured settings.
ERROR - 2021-12-10 10:48:16 --> Severity: Warning --> ini_set(): A session is active. You cannot change the session module's ini settings at this time /htdocs/visitor-management/system/libraries/Session/Session_driver.php 205
ERROR - 2021-12-10 10:48:16 --> Severity: Warning --> session_start(): Failed to initialize storage module: user (path: /tmp) /htdocs/visitor-management/system/libraries/Session/Session.php 143
ERROR - 2021-12-10 10:48:16 --> 404 Page Not Found: Faviconico/index
ERROR - 2021-12-10 10:49:10 --> Severity: Warning --> pg_connect(): Unable to connect to PostgreSQL server: could not connect to server: Connection refused
	Is the server running on host &quot;localhost&quot; (127.0.0.1) and accepting
	TCP/IP connections on port 5432?
could not connect to server: Cannot assign requested address
	Is the server running on host &quot;localhost&quot; (::1) and accepting
	TCP/IP connections on port 5432? /htdocs/visitor-management/system/database/drivers/postgre/postgre_driver.php 154
ERROR - 2021-12-10 10:49:10 --> Unable to connect to the database
ERROR - 2021-12-10 10:49:10 --> Severity: Warning --> Redis::connect(): connect() failed: Cannot assign requested address /htdocs/visitor-management/system/libraries/Session/drivers/Session_redis_driver.php 138
ERROR - 2021-12-10 10:49:10 --> Session: Unable to connect to Redis with the configured settings.
ERROR - 2021-12-10 10:49:10 --> Severity: Warning --> ini_set(): A session is active. You cannot change the session module's ini settings at this time /htdocs/visitor-management/system/libraries/Session/Session_driver.php 205
ERROR - 2021-12-10 10:49:10 --> Severity: Warning --> session_start(): Failed to initialize storage module: user (path: /tmp) /htdocs/visitor-management/system/libraries/Session/Session.php 143
ERROR - 2021-12-10 10:49:21 --> Severity: Warning --> pg_connect(): Unable to connect to PostgreSQL server: could not connect to server: Connection refused
	Is the server running on host &quot;localhost&quot; (127.0.0.1) and accepting
	TCP/IP connections on port 5432?
could not connect to server: Cannot assign requested address
	Is the server running on host &quot;localhost&quot; (::1) and accepting
	TCP/IP connections on port 5432? /htdocs/visitor-management/system/database/drivers/postgre/postgre_driver.php 154
ERROR - 2021-12-10 10:49:21 --> Unable to connect to the database
ERROR - 2021-12-10 10:49:21 --> Severity: Warning --> Redis::connect(): connect() failed: Cannot assign requested address /htdocs/visitor-management/system/libraries/Session/drivers/Session_redis_driver.php 138
ERROR - 2021-12-10 10:49:21 --> Session: Unable to connect to Redis with the configured settings.
ERROR - 2021-12-10 10:49:21 --> Severity: Warning --> ini_set(): A session is active. You cannot change the session module's ini settings at this time /htdocs/visitor-management/system/libraries/Session/Session_driver.php 205
ERROR - 2021-12-10 10:49:21 --> Severity: Warning --> session_start(): Failed to initialize storage module: user (path: /tmp) /htdocs/visitor-management/system/libraries/Session/Session.php 143
ERROR - 2021-12-10 10:49:21 --> Severity: Warning --> pg_escape_literal() expects parameter 1 to be resource, bool given /htdocs/visitor-management/system/database/drivers/postgre/postgre_driver.php 326
ERROR - 2021-12-10 10:49:21 --> Severity: Warning --> pg_connect(): Unable to connect to PostgreSQL server: could not connect to server: Connection refused
	Is the server running on host &quot;localhost&quot; (127.0.0.1) and accepting
	TCP/IP connections on port 5432?
could not connect to server: Cannot assign requested address
	Is the server running on host &quot;localhost&quot; (::1) and accepting
	TCP/IP connections on port 5432? /htdocs/visitor-management/system/database/drivers/postgre/postgre_driver.php 154
ERROR - 2021-12-10 10:49:21 --> Unable to connect to the database
ERROR - 2021-12-10 10:49:21 --> Severity: Warning --> pg_last_error() expects parameter 1 to be resource, bool given /htdocs/visitor-management/system/database/drivers/postgre/postgre_driver.php 479
ERROR - 2021-12-10 10:49:21 --> Query error:  - Invalid query: SELECT *
FROM "user_loket"
WHERE "username" =
AND "role" = 4
 LIMIT 1
ERROR - 2021-12-10 10:49:21 --> 404 Page Not Found: Faviconico/index
ERROR - 2021-12-10 10:49:41 --> 404 Page Not Found: Faviconico/index
ERROR - 2021-12-10 10:49:59 --> 404 Page Not Found: Faviconico/index
ERROR - 2021-12-10 10:50:42 --> 404 Page Not Found: Faviconico/index
ERROR - 2021-12-10 10:51:03 --> Severity: Warning --> password_hash() expects at least 2 parameters, 1 given /htdocs/visitor-management/application/controllers/Login.php 47
ERROR - 2021-12-10 10:51:03 --> 404 Page Not Found: Faviconico/index
ERROR - 2021-12-10 10:51:10 --> 404 Page Not Found: Faviconico/index
ERROR - 2021-12-10 10:51:22 --> 404 Page Not Found: Faviconico/index
ERROR - 2021-12-10 11:25:35 --> 404 Page Not Found: Assets/image
ERROR - 2021-12-10 11:31:16 --> 404 Page Not Found: Assets/vendor
ERROR - 2021-12-10 11:32:24 --> 404 Page Not Found: Assets/vendor
ERROR - 2021-12-10 11:33:49 --> 404 Page Not Found: Assets/vendor
ERROR - 2021-12-10 11:33:51 --> 404 Page Not Found: Assets/vendor
ERROR - 2021-12-10 11:33:54 --> 404 Page Not Found: Assets/vendor
ERROR - 2021-12-10 11:36:28 --> 404 Page Not Found: Assets/vendor
ERROR - 2021-12-10 11:37:18 --> 404 Page Not Found: Assets/vendor
ERROR - 2021-12-10 13:57:43 --> Session: Error while trying to obtain lock for ci_session:172.20.0.1:4b2immmbm61kglmkgn0r4p51egb5j8uq
ERROR - 2021-12-10 13:57:43 --> Severity: Warning --> ini_set(): A session is active. You cannot change the session module's ini settings at this time /htdocs/visitor-management/system/libraries/Session/Session_driver.php 205
ERROR - 2021-12-10 13:57:43 --> Severity: Warning --> session_start(): Failed to read session data: user (path: /tmp) /htdocs/visitor-management/system/libraries/Session/Session.php 143
ERROR - 2021-12-10 13:58:26 --> 404 Page Not Found: Faviconico/index
ERROR - 2021-12-10 15:54:25 --> Severity: Warning --> pg_connect(): Unable to connect to PostgreSQL server: ERROR:  pgbouncer cannot connect to server /htdocs/visitor-management/system/database/drivers/postgre/postgre_driver.php 154
ERROR - 2021-12-10 15:54:25 --> Unable to connect to the database
