ERROR - 2022-03-11 15:17:01 --> Severity: Warning --> pg_connect(): Unable to connect to PostgreSQL server: could not connect to server: Connection refused
	Is the server running on host &quot;localhost&quot; (127.0.0.1) and accepting
	TCP/IP connections on port 5432?
could not connect to server: Cannot assign requested address
	Is the server running on host &quot;localhost&quot; (::1) and accepting
	TCP/IP connections on port 5432? /htdocs/visitor-management/system/database/drivers/postgre/postgre_driver.php 154
ERROR - 2022-03-11 15:17:01 --> Unable to connect to the database
ERROR - 2022-03-11 15:17:01 --> Severity: Warning --> Redis::connect(): connect() failed: Cannot assign requested address /htdocs/visitor-management/system/libraries/Session/drivers/Session_redis_driver.php 138
ERROR - 2022-03-11 15:17:01 --> Session: Unable to connect to Redis with the configured settings.
ERROR - 2022-03-11 15:17:01 --> Severity: Warning --> ini_set(): A session is active. You cannot change the session module's ini settings at this time /htdocs/visitor-management/system/libraries/Session/Session_driver.php 205
ERROR - 2022-03-11 15:17:01 --> Severity: Warning --> session_start(): Failed to initialize storage module: user (path: /tmp) /htdocs/visitor-management/system/libraries/Session/Session.php 143
ERROR - 2022-03-11 15:17:01 --> Severity: Warning --> pg_connect(): Unable to connect to PostgreSQL server: could not connect to server: Connection refused
	Is the server running on host &quot;localhost&quot; (127.0.0.1) and accepting
	TCP/IP connections on port 5432?
could not connect to server: Cannot assign requested address
	Is the server running on host &quot;localhost&quot; (::1) and accepting
	TCP/IP connections on port 5432? /htdocs/visitor-management/system/database/drivers/postgre/postgre_driver.php 154
ERROR - 2022-03-11 15:17:01 --> Unable to connect to the database
ERROR - 2022-03-11 15:17:02 --> Severity: Warning --> Redis::connect(): connect() failed: Cannot assign requested address /htdocs/visitor-management/system/libraries/Session/drivers/Session_redis_driver.php 138
ERROR - 2022-03-11 15:17:02 --> Session: Unable to connect to Redis with the configured settings.
ERROR - 2022-03-11 15:17:02 --> Severity: Warning --> ini_set(): A session is active. You cannot change the session module's ini settings at this time /htdocs/visitor-management/system/libraries/Session/Session_driver.php 205
ERROR - 2022-03-11 15:17:02 --> Severity: Warning --> session_start(): Failed to initialize storage module: user (path: /tmp) /htdocs/visitor-management/system/libraries/Session/Session.php 143
ERROR - 2022-03-11 15:26:21 --> 404 Page Not Found: Assets/vendor
ERROR - 2022-03-11 15:44:13 --> 404 Page Not Found: Assets/vendor
ERROR - 2022-03-11 15:49:17 --> 404 Page Not Found: Assets/vendor
ERROR - 2022-03-11 15:53:37 --> 404 Page Not Found: Assets/vendor
ERROR - 2022-03-11 15:54:43 --> 404 Page Not Found: Assets/vendor
ERROR - 2022-03-11 16:05:21 --> 404 Page Not Found: Assets/vendor
ERROR - 2022-03-11 16:05:59 --> 404 Page Not Found: Assets/vendor
ERROR - 2022-03-11 16:06:30 --> 404 Page Not Found: Assets/vendor
ERROR - 2022-03-11 16:09:08 --> 404 Page Not Found: Assets/vendor
ERROR - 2022-03-11 16:10:17 --> 404 Page Not Found: Assets/vendor
ERROR - 2022-03-11 16:18:24 --> 404 Page Not Found: Assets/vendor
ERROR - 2022-03-11 16:18:55 --> 404 Page Not Found: Assets/vendor
ERROR - 2022-03-11 16:19:45 --> 404 Page Not Found: Assets/vendor
ERROR - 2022-03-11 16:33:59 --> 404 Page Not Found: Assets/vendor
ERROR - 2022-03-11 16:34:21 --> 404 Page Not Found: Assets/vendor
ERROR - 2022-03-11 16:35:06 --> 404 Page Not Found: Assets/vendor
ERROR - 2022-03-11 17:47:23 --> 404 Page Not Found: Assets/vendor
ERROR - 2022-03-11 18:36:34 --> Session: Error while trying to obtain lock for ci_session:172.27.0.1:ipa5g480afvh0jpms3t8cl5oetlmugsi
ERROR - 2022-03-11 18:36:34 --> Severity: Warning --> ini_set(): A session is active. You cannot change the session module's ini settings at this time /htdocs/visitor-management/system/libraries/Session/Session_driver.php 205
ERROR - 2022-03-11 18:36:34 --> Severity: Warning --> session_start(): Failed to read session data: user (path: /tmp) /htdocs/visitor-management/system/libraries/Session/Session.php 143
ERROR - 2022-03-11 18:58:00 --> 404 Page Not Found: Assets/vendor
ERROR - 2022-03-11 19:01:04 --> 404 Page Not Found: Assets/vendor
ERROR - 2022-03-11 19:13:56 --> 404 Page Not Found: Assets/vendor
ERROR - 2022-03-11 19:14:06 --> 404 Page Not Found: Assets/vendor
ERROR - 2022-03-11 19:14:43 --> 404 Page Not Found: Assets/vendor
ERROR - 2022-03-11 19:16:29 --> 404 Page Not Found: Assets/vendor
ERROR - 2022-03-11 19:16:38 --> 404 Page Not Found: Assets/vendor
ERROR - 2022-03-11 19:16:50 --> 404 Page Not Found: Assets/vendor
ERROR - 2022-03-11 19:17:46 --> 404 Page Not Found: Assets/vendor
ERROR - 2022-03-11 19:17:57 --> 404 Page Not Found: Assets/vendor
ERROR - 2022-03-11 19:18:06 --> 404 Page Not Found: Assets/vendor
ERROR - 2022-03-11 19:18:53 --> 404 Page Not Found: Assets/vendor
ERROR - 2022-03-11 19:27:35 --> 404 Page Not Found: Assets/vendor
ERROR - 2022-03-11 19:27:42 --> 404 Page Not Found: Assets/vendor
ERROR - 2022-03-11 19:27:53 --> 404 Page Not Found: Assets/vendor
ERROR - 2022-03-11 19:28:12 --> 404 Page Not Found: Assets/vendor
ERROR - 2022-03-11 19:29:03 --> 404 Page Not Found: Assets/vendor
ERROR - 2022-03-11 19:29:33 --> 404 Page Not Found: Assets/vendor
ERROR - 2022-03-11 19:31:30 --> 404 Page Not Found: Assets/vendor
ERROR - 2022-03-11 19:31:42 --> 404 Page Not Found: Assets/vendor
ERROR - 2022-03-11 19:32:15 --> 404 Page Not Found: Assets/vendor
ERROR - 2022-03-11 19:32:38 --> 404 Page Not Found: Assets/vendor
ERROR - 2022-03-11 19:32:52 --> 404 Page Not Found: Assets/vendor
ERROR - 2022-03-11 20:09:16 --> 404 Page Not Found: Assets/vendor
ERROR - 2022-03-11 20:10:30 --> 404 Page Not Found: Assets/vendor
