ERROR - 2022-03-12 07:19:58 --> 404 Page Not Found: Assets/vendor
ERROR - 2022-03-12 07:25:05 --> 404 Page Not Found: Assets/vendor
ERROR - 2022-03-12 07:25:07 --> 404 Page Not Found: Assets/vendor
ERROR - 2022-03-12 07:25:34 --> 404 Page Not Found: Assets/vendor
ERROR - 2022-03-12 07:25:56 --> 404 Page Not Found: Assets/vendor
ERROR - 2022-03-12 07:29:34 --> 404 Page Not Found: Assets/vendor
ERROR - 2022-03-12 07:30:18 --> 404 Page Not Found: Assets/vendor
ERROR - 2022-03-12 07:32:00 --> 404 Page Not Found: Assets/vendor
ERROR - 2022-03-12 07:51:49 --> Severity: Warning --> pg_connect(): Unable to connect to PostgreSQL server: ERROR:  pgbouncer cannot connect to server /htdocs/visitor-management/system/database/drivers/postgre/postgre_driver.php 154
ERROR - 2022-03-12 07:51:49 --> Unable to connect to the database
ERROR - 2022-03-12 07:51:50 --> 404 Page Not Found: Faviconico/index
ERROR - 2022-03-12 07:51:55 --> 404 Page Not Found: Assets/vendor
ERROR - 2022-03-12 07:52:12 --> 404 Page Not Found: Assets/vendor
ERROR - 2022-03-12 07:52:56 --> 404 Page Not Found: Assets/vendor
ERROR - 2022-03-12 07:53:46 --> 404 Page Not Found: Assets/vendor
ERROR - 2022-03-12 07:54:00 --> 404 Page Not Found: Assets/vendor
ERROR - 2022-03-12 07:59:00 --> 404 Page Not Found: Assets/vendor
ERROR - 2022-03-12 07:59:38 --> 404 Page Not Found: Assets/vendor
ERROR - 2022-03-12 07:59:52 --> 404 Page Not Found: Assets/vendor
ERROR - 2022-03-12 08:02:13 --> 404 Page Not Found: Assets/vendor
ERROR - 2022-03-12 08:02:24 --> 404 Page Not Found: Assets/vendor
ERROR - 2022-03-12 08:03:17 --> 404 Page Not Found: Assets/vendor
ERROR - 2022-03-12 08:03:31 --> 404 Page Not Found: Assets/vendor
ERROR - 2022-03-12 08:03:46 --> 404 Page Not Found: Assets/vendor
ERROR - 2022-03-12 08:05:20 --> 404 Page Not Found: Assets/vendor
ERROR - 2022-03-12 08:05:26 --> 404 Page Not Found: Assets/vendor
ERROR - 2022-03-12 08:05:34 --> 404 Page Not Found: Assets/vendor
ERROR - 2022-03-12 08:05:39 --> 404 Page Not Found: Assets/vendor
ERROR - 2022-03-12 08:05:50 --> 404 Page Not Found: Assets/vendor
ERROR - 2022-03-12 08:27:00 --> 404 Page Not Found: Assets/vendor
ERROR - 2022-03-12 08:27:01 --> 404 Page Not Found: Assets/vendor
ERROR - 2022-03-12 08:27:32 --> 404 Page Not Found: Assets/vendor
ERROR - 2022-03-12 08:28:50 --> 404 Page Not Found: Assets/vendor
ERROR - 2022-03-12 08:29:51 --> 404 Page Not Found: Assets/vendor
ERROR - 2022-03-12 08:36:36 --> 404 Page Not Found: Assets/vendor
ERROR - 2022-03-12 08:42:09 --> 404 Page Not Found: Assets/vendor
ERROR - 2022-03-12 08:42:41 --> 404 Page Not Found: Assets/vendor
ERROR - 2022-03-12 08:42:57 --> 404 Page Not Found: Assets/vendor
ERROR - 2022-03-12 08:43:04 --> 404 Page Not Found: Assets/vendor
ERROR - 2022-03-12 08:43:27 --> 404 Page Not Found: Assets/vendor
ERROR - 2022-03-12 08:43:47 --> 404 Page Not Found: Assets/vendor
ERROR - 2022-03-12 08:44:17 --> 404 Page Not Found: Assets/vendor
ERROR - 2022-03-12 08:57:55 --> 404 Page Not Found: Assets/vendor
ERROR - 2022-03-12 08:58:07 --> 404 Page Not Found: Assets/vendor
ERROR - 2022-03-12 08:58:24 --> 404 Page Not Found: Assets/vendor
ERROR - 2022-03-12 08:59:30 --> 404 Page Not Found: Assets/vendor
ERROR - 2022-03-12 20:35:57 --> 404 Page Not Found: Faviconico/index
ERROR - 2022-03-12 20:36:11 --> Severity: Warning --> pg_connect(): Unable to connect to PostgreSQL server: could not connect to server: Connection refused
	Is the server running on host &quot;10.1.0.110&quot; and accepting
	TCP/IP connections on port 5432? /htdocs/visitor-management/system/database/drivers/postgre/postgre_driver.php 154
ERROR - 2022-03-12 20:36:11 --> Unable to connect to the database
ERROR - 2022-03-12 21:01:40 --> Severity: Warning --> pg_connect(): Unable to connect to PostgreSQL server: ERROR:  pgbouncer cannot connect to server /htdocs/visitor-management/system/database/drivers/postgre/postgre_driver.php 154
ERROR - 2022-03-12 21:01:40 --> Unable to connect to the database
