ERROR - 2023-02-08 09:02:18 --> Severity: Warning --> pg_connect(): Unable to connect to PostgreSQL server: could not connect to server: Connection refused
	Is the server running on host &quot;localhost&quot; (127.0.0.1) and accepting
	TCP/IP connections on port 5432?
could not connect to server: Cannot assign requested address
	Is the server running on host &quot;localhost&quot; (::1) and accepting
	TCP/IP connections on port 5432? /htdocs/visitor-management/system/database/drivers/postgre/postgre_driver.php 154
ERROR - 2023-02-08 09:02:18 --> Unable to connect to the database
ERROR - 2023-02-08 09:02:18 --> Severity: Warning --> Redis::connect(): connect() failed: Cannot assign requested address /htdocs/visitor-management/system/libraries/Session/drivers/Session_redis_driver.php 138
ERROR - 2023-02-08 09:02:18 --> Session: Unable to connect to Redis with the configured settings.
ERROR - 2023-02-08 09:02:18 --> Severity: Warning --> ini_set(): A session is active. You cannot change the session module's ini settings at this time /htdocs/visitor-management/system/libraries/Session/Session_driver.php 205
ERROR - 2023-02-08 09:02:18 --> Severity: Warning --> session_start(): Failed to initialize storage module: user (path: /tmp) /htdocs/visitor-management/system/libraries/Session/Session.php 143
ERROR - 2023-02-08 09:02:18 --> Severity: Warning --> pg_connect(): Unable to connect to PostgreSQL server: could not connect to server: Connection refused
	Is the server running on host &quot;localhost&quot; (127.0.0.1) and accepting
	TCP/IP connections on port 5432?
could not connect to server: Cannot assign requested address
	Is the server running on host &quot;localhost&quot; (::1) and accepting
	TCP/IP connections on port 5432? /htdocs/visitor-management/system/database/drivers/postgre/postgre_driver.php 154
ERROR - 2023-02-08 09:02:19 --> Unable to connect to the database
ERROR - 2023-02-08 09:02:19 --> Severity: Warning --> Redis::connect(): connect() failed: Cannot assign requested address /htdocs/visitor-management/system/libraries/Session/drivers/Session_redis_driver.php 138
ERROR - 2023-02-08 09:02:19 --> Session: Unable to connect to Redis with the configured settings.
ERROR - 2023-02-08 09:02:19 --> Severity: Warning --> ini_set(): A session is active. You cannot change the session module's ini settings at this time /htdocs/visitor-management/system/libraries/Session/Session_driver.php 205
ERROR - 2023-02-08 09:02:19 --> Severity: Warning --> session_start(): Failed to initialize storage module: user (path: /tmp) /htdocs/visitor-management/system/libraries/Session/Session.php 143
ERROR - 2023-02-08 09:02:25 --> Severity: Warning --> pg_connect(): Unable to connect to PostgreSQL server: could not connect to server: Connection refused
	Is the server running on host &quot;localhost&quot; (127.0.0.1) and accepting
	TCP/IP connections on port 5432?
could not connect to server: Cannot assign requested address
	Is the server running on host &quot;localhost&quot; (::1) and accepting
	TCP/IP connections on port 5432? /htdocs/visitor-management/system/database/drivers/postgre/postgre_driver.php 154
ERROR - 2023-02-08 09:02:25 --> Unable to connect to the database
ERROR - 2023-02-08 09:02:25 --> Severity: Warning --> Redis::connect(): connect() failed: Cannot assign requested address /htdocs/visitor-management/system/libraries/Session/drivers/Session_redis_driver.php 138
ERROR - 2023-02-08 09:02:25 --> Session: Unable to connect to Redis with the configured settings.
ERROR - 2023-02-08 09:02:25 --> Severity: Warning --> ini_set(): A session is active. You cannot change the session module's ini settings at this time /htdocs/visitor-management/system/libraries/Session/Session_driver.php 205
ERROR - 2023-02-08 09:02:25 --> Severity: Warning --> session_start(): Failed to initialize storage module: user (path: /tmp) /htdocs/visitor-management/system/libraries/Session/Session.php 143
ERROR - 2023-02-08 09:02:25 --> Severity: Warning --> pg_escape_literal() expects parameter 1 to be resource, bool given /htdocs/visitor-management/system/database/drivers/postgre/postgre_driver.php 326
ERROR - 2023-02-08 09:02:25 --> Severity: Warning --> pg_connect(): Unable to connect to PostgreSQL server: could not connect to server: Connection refused
	Is the server running on host &quot;localhost&quot; (127.0.0.1) and accepting
	TCP/IP connections on port 5432?
could not connect to server: Cannot assign requested address
	Is the server running on host &quot;localhost&quot; (::1) and accepting
	TCP/IP connections on port 5432? /htdocs/visitor-management/system/database/drivers/postgre/postgre_driver.php 154
ERROR - 2023-02-08 09:02:25 --> Unable to connect to the database
ERROR - 2023-02-08 09:02:25 --> Severity: Warning --> pg_last_error() expects parameter 1 to be resource, bool given /htdocs/visitor-management/system/database/drivers/postgre/postgre_driver.php 479
ERROR - 2023-02-08 09:02:25 --> Query error:  - Invalid query: SELECT *
FROM "user_loket"
WHERE "username" =
AND "role" = 4
 LIMIT 1
ERROR - 2023-02-08 09:02:26 --> Severity: Warning --> pg_connect(): Unable to connect to PostgreSQL server: could not connect to server: Connection refused
	Is the server running on host &quot;localhost&quot; (127.0.0.1) and accepting
	TCP/IP connections on port 5432?
could not connect to server: Cannot assign requested address
	Is the server running on host &quot;localhost&quot; (::1) and accepting
	TCP/IP connections on port 5432? /htdocs/visitor-management/system/database/drivers/postgre/postgre_driver.php 154
ERROR - 2023-02-08 09:02:26 --> Unable to connect to the database
ERROR - 2023-02-08 09:02:26 --> Severity: Warning --> Redis::connect(): connect() failed: Cannot assign requested address /htdocs/visitor-management/system/libraries/Session/drivers/Session_redis_driver.php 138
ERROR - 2023-02-08 09:02:26 --> Session: Unable to connect to Redis with the configured settings.
ERROR - 2023-02-08 09:02:26 --> Severity: Warning --> ini_set(): A session is active. You cannot change the session module's ini settings at this time /htdocs/visitor-management/system/libraries/Session/Session_driver.php 205
ERROR - 2023-02-08 09:02:26 --> Severity: Warning --> session_start(): Failed to initialize storage module: user (path: /tmp) /htdocs/visitor-management/system/libraries/Session/Session.php 143
ERROR - 2023-02-08 09:02:49 --> Severity: Warning --> pg_connect(): Unable to connect to PostgreSQL server: could not connect to server: Connection refused
	Is the server running on host &quot;10.1.0.110&quot; and accepting
	TCP/IP connections on port 5432? /htdocs/visitor-management/system/database/drivers/postgre/postgre_driver.php 154
ERROR - 2023-02-08 09:02:49 --> Unable to connect to the database
ERROR - 2023-02-08 09:02:49 --> 404 Page Not Found: Faviconico/index
ERROR - 2023-02-08 09:08:37 --> 404 Page Not Found: Faviconico/index
ERROR - 2023-02-08 09:08:37 --> 404 Page Not Found: Faviconico/index
ERROR - 2023-02-08 09:09:06 --> 404 Page Not Found: Assets/videos
ERROR - 2023-02-08 09:09:23 --> 404 Page Not Found: Assets/videos
ERROR - 2023-02-08 09:09:30 --> 404 Page Not Found: Assets/videos
ERROR - 2023-02-08 09:09:47 --> 404 Page Not Found: Assets/videos
ERROR - 2023-02-08 09:10:20 --> 404 Page Not Found: Assets/videos
ERROR - 2023-02-08 09:10:29 --> 404 Page Not Found: Assets/videos
ERROR - 2023-02-08 09:10:35 --> 404 Page Not Found: Assets/videos
ERROR - 2023-02-08 09:10:55 --> 404 Page Not Found: Assets/videos
ERROR - 2023-02-08 09:10:59 --> 404 Page Not Found: Assets/videos
ERROR - 2023-02-08 09:11:06 --> 404 Page Not Found: Assets/vendor
ERROR - 2023-02-08 09:11:13 --> 404 Page Not Found: Assets/vendor
ERROR - 2023-02-08 09:11:13 --> 404 Page Not Found: Assets/videos
ERROR - 2023-02-08 09:11:24 --> 404 Page Not Found: Assets/vendor
ERROR - 2023-02-08 09:12:05 --> 404 Page Not Found: Assets/videos
ERROR - 2023-02-08 09:12:07 --> 404 Page Not Found: Assets/vendor
